#
# There is insufficient memory for the Java Runtime Environment to continue.
# Native memory allocation (malloc) failed to allocate 1034896 bytes for Chunk::new
# Possible reasons:
#   The system is out of physical RAM or swap space
#   The process is running with CompressedOops enabled, and the Java Heap may be blocking the growth of the native heap
# Possible solutions:
#   Reduce memory load on the system
#   Increase physical memory or swap space
#   Check if swap backing store is full
#   Decrease Java heap size (-Xmx/-Xms)
#   Decrease number of Java threads
#   Decrease Java thread stack sizes (-Xss)
#   Set larger code cache with -XX:ReservedCodeCacheSize=
#   JVM is running with Unscaled Compressed Oops mode in which the Java heap is
#     placed in the first 4GB address space. The Java Heap base address is the
#     maximum limit for the native heap growth. Please use -XX:HeapBaseMinAddress
#     to set the Java Heap base and to place the Java Heap above 4GB virtual address.
# This output file may be truncated or incomplete.
#
#  Out of Memory Error (./src/hotspot/share/memory/arena.cpp:197), pid=15228, tid=14700
#
# JRE version: OpenJDK Runtime Environment (11.0.10) (build 11.0.10+0-b96-7249189)
# Java VM: OpenJDK 64-Bit Server VM (11.0.10+0-b96-7249189, mixed mode, tiered, compressed oops, g1 gc, windows-amd64)
# No core dump will be written. Minidumps are not enabled by default on client versions of Windows
#

---------------  S U M M A R Y ------------

Command Line: --add-opens=java.base/java.util=ALL-UNNAMED --add-opens=java.base/java.lang=ALL-UNNAMED --add-opens=java.base/java.lang.invoke=ALL-UNNAMED --add-opens=java.base/java.util=ALL-UNNAMED --add-opens=java.prefs/java.util.prefs=ALL-UNNAMED --add-opens=java.prefs/java.util.prefs=ALL-UNNAMED --add-opens=java.base/java.nio.charset=ALL-UNNAMED --add-opens=java.base/java.net=ALL-UNNAMED --add-opens=java.base/java.util.concurrent.atomic=ALL-UNNAMED -Xmx2048m -Dfile.encoding=UTF-8 -Duser.country=US -Duser.language=en -Duser.variant org.gradle.launcher.daemon.bootstrap.GradleDaemon 7.0.2

Host: Intel(R) Core(TM) i5-7200U CPU @ 2.50GHz, 4 cores, 11G,  Windows 10 , 64 bit Build 22000 (10.0.22000.434)
Time: Thu Feb  3 08:23:11 2022 Nepal Standard Time elapsed time: 2300.851078 seconds (0d 0h 38m 20s)

---------------  T H R E A D  ---------------

Current thread (0x0000025de0e0c000):  JavaThread "C2 CompilerThread1" daemon [_thread_in_native, id=14700, stack(0x0000006766c00000,0x0000006766d00000)]


Current CompileTask:
C2:2300851 22606       4       com.android.tools.r8.internal.Tr::a (282 bytes)

Stack: [0x0000006766c00000,0x0000006766d00000]
Native frames: (J=compiled Java code, j=interpreted, Vv=VM code, C=native code)
V  [jvm.dll+0x5ecfaa]
V  [jvm.dll+0x722bd5]
V  [jvm.dll+0x72412d]
V  [jvm.dll+0x7247e3]
V  [jvm.dll+0x242928]
V  [jvm.dll+0xbc4fc]
V  [jvm.dll+0xbca0c]
V  [jvm.dll+0x352d3b]
V  [jvm.dll+0x320ad3]
V  [jvm.dll+0x31ffca]
V  [jvm.dll+0x1fb602]
V  [jvm.dll+0x1fa7f4]
V  [jvm.dll+0x18354c]
V  [jvm.dll+0x208ee7]
V  [jvm.dll+0x207731]
V  [jvm.dll+0x6eb1cf]
V  [jvm.dll+0x6e3d45]
V  [jvm.dll+0x5ebe96]
C  [ucrtbase.dll+0x26c0c]
C  [KERNEL32.DLL+0x154e0]
C  [ntdll.dll+0x485b]


---------------  P R O C E S S  ---------------

Threads class SMR info:
_java_thread_list=0x0000025de3f4d6d0, length=55, elements={
0x0000025dc428d000, 0x0000025ddfddf000, 0x0000025ddfdea800, 0x0000025ddfdf5800,
0x0000025ddfdf8800, 0x0000025ddfdfa000, 0x0000025ddfdfd800, 0x0000025de0656800,
0x0000025de0678800, 0x0000025de07dd000, 0x0000025de395c000, 0x0000025de395d800,
0x0000025de3961000, 0x0000025de3a6d000, 0x0000025de3a6a800, 0x0000025de3a6c000,
0x0000025de3a6b800, 0x0000025de3a68000, 0x0000025de3a6d800, 0x0000025de3a6e800,
0x0000025de3a69000, 0x0000025de3a70000, 0x0000025de3a72800, 0x0000025de3a75000,
0x0000025de42ef000, 0x0000025de3a69800, 0x0000025de3a71000, 0x0000025de3a72000,
0x0000025de3a74000, 0x0000025de42ed000, 0x0000025de42eb000, 0x0000025de42ed800,
0x0000025de42e8000, 0x0000025de42ec000, 0x0000025de42ee800, 0x0000025de42e8800,
0x0000025de42ea800, 0x0000025de42f1800, 0x0000025de42f5800, 0x0000025de42f5000,
0x0000025de42f1000, 0x0000025de42f3800, 0x0000025de395b000, 0x0000025de395d000,
0x0000025de3961800, 0x0000025de395e800, 0x0000025de395f000, 0x0000025de42f6800,
0x0000025de772d800, 0x0000025de7730000, 0x0000025de772e000, 0x0000025de0e0c000,
0x0000025de772a000, 0x0000025de772c800, 0x0000025de772f000
}

Java Threads: ( => current thread )
  0x0000025dc428d000 JavaThread "main" [_thread_blocked, id=8396, stack(0x0000006763400000,0x0000006763500000)]
  0x0000025ddfddf000 JavaThread "Reference Handler" daemon [_thread_blocked, id=8244, stack(0x0000006763b00000,0x0000006763c00000)]
  0x0000025ddfdea800 JavaThread "Finalizer" daemon [_thread_blocked, id=12328, stack(0x0000006763c00000,0x0000006763d00000)]
  0x0000025ddfdf5800 JavaThread "Signal Dispatcher" daemon [_thread_blocked, id=1160, stack(0x0000006763d00000,0x0000006763e00000)]
  0x0000025ddfdf8800 JavaThread "Attach Listener" daemon [_thread_blocked, id=1476, stack(0x0000006763e00000,0x0000006763f00000)]
  0x0000025ddfdfa000 JavaThread "Service Thread" daemon [_thread_blocked, id=14040, stack(0x0000006763f00000,0x0000006764000000)]
  0x0000025ddfdfd800 JavaThread "C2 CompilerThread0" daemon [_thread_in_native, id=9664, stack(0x0000006764000000,0x0000006764100000)]
  0x0000025de0656800 JavaThread "C1 CompilerThread0" daemon [_thread_blocked, id=2012, stack(0x0000006764100000,0x0000006764200000)]
  0x0000025de0678800 JavaThread "Sweeper thread" daemon [_thread_blocked, id=7972, stack(0x0000006764200000,0x0000006764300000)]
  0x0000025de07dd000 JavaThread "Common-Cleaner" daemon [_thread_blocked, id=10424, stack(0x0000006764300000,0x0000006764400000)]
  0x0000025de395c000 JavaThread "Daemon health stats" [_thread_blocked, id=14608, stack(0x0000006764900000,0x0000006764a00000)]
  0x0000025de395d800 JavaThread "Incoming local TCP Connector on port 61163" [_thread_in_native, id=3428, stack(0x0000006764500000,0x0000006764600000)]
  0x0000025de3961000 JavaThread "Daemon periodic checks" [_thread_blocked, id=13316, stack(0x0000006764a00000,0x0000006764b00000)]
  0x0000025de3a6d000 JavaThread "Cache worker for file hash cache (C:\Users\Dell\.gradle\caches\7.0.2\fileHashes)" [_thread_blocked, id=6012, stack(0x0000006764d00000,0x0000006764e00000)]
  0x0000025de3a6a800 JavaThread "File lock request listener" [_thread_in_native, id=6756, stack(0x0000006765300000,0x0000006765400000)]
  0x0000025de3a6c000 JavaThread "Cache worker for journal cache (C:\Users\Dell\.gradle\caches\journal-1)" [_thread_blocked, id=3480, stack(0x0000006765400000,0x0000006765500000)]
  0x0000025de3a6b800 JavaThread "File watcher server" daemon [_thread_in_native, id=13604, stack(0x0000006765700000,0x0000006765800000)]
  0x0000025de3a68000 JavaThread "File watcher consumer" daemon [_thread_blocked, id=11040, stack(0x0000006765800000,0x0000006765900000)]
  0x0000025de3a6d800 JavaThread "jar transforms" [_thread_blocked, id=4376, stack(0x0000006765900000,0x0000006765a00000)]
  0x0000025de3a6e800 JavaThread "jar transforms Thread 2" [_thread_blocked, id=2464, stack(0x0000006765a00000,0x0000006765b00000)]
  0x0000025de3a69000 JavaThread "jar transforms Thread 3" [_thread_blocked, id=14540, stack(0x0000006765b00000,0x0000006765c00000)]
  0x0000025de3a70000 JavaThread "jar transforms Thread 4" [_thread_blocked, id=11236, stack(0x0000006765c00000,0x0000006765d00000)]
  0x0000025de3a72800 JavaThread "Cache worker for execution history cache (C:\Users\Dell\.gradle\caches\7.0.2\executionHistory)" [_thread_blocked, id=11656, stack(0x0000006766000000,0x0000006766100000)]
  0x0000025de3a75000 JavaThread "Cache worker for file content cache (C:\Users\Dell\.gradle\caches\7.0.2\fileContent)" [_thread_blocked, id=11696, stack(0x0000006766100000,0x0000006766200000)]
  0x0000025de42ef000 JavaThread "Memory manager" [_thread_blocked, id=12496, stack(0x0000006766800000,0x0000006766900000)]
  0x0000025de3a69800 JavaThread "Daemon Thread 3" [_thread_blocked, id=11580, stack(0x0000006763100000,0x0000006763200000)]
  0x0000025de3a71000 JavaThread "Handler for socket connection from /127.0.0.1:61163 to /127.0.0.1:62156" [_thread_in_native, id=2548, stack(0x0000006763200000,0x0000006763300000)]
  0x0000025de3a72000 JavaThread "Cancel handler" [_thread_blocked, id=2712, stack(0x0000006763300000,0x0000006763400000)]
  0x0000025de3a74000 JavaThread "Daemon worker Thread 3" [_thread_blocked, id=6128, stack(0x0000006764b00000,0x0000006764c00000)]
  0x0000025de42ed000 JavaThread "Asynchronous log dispatcher for DefaultDaemonConnection: socket connection from /127.0.0.1:61163 to /127.0.0.1:62156" [_thread_blocked, id=4004, stack(0x0000006764c00000,0x0000006764d00000)]
  0x0000025de42eb000 JavaThread "Stdin handler" [_thread_blocked, id=13132, stack(0x0000006764e00000,0x0000006764f00000)]
  0x0000025de42ed800 JavaThread "Daemon client event forwarder" [_thread_blocked, id=10352, stack(0x0000006764f00000,0x0000006765000000)]
  0x0000025de42e8000 JavaThread "Cache worker for file hash cache (C:\Users\Dell\AndroidStudioProjects\AgeCalculator\.gradle\7.0.2\fileHashes)" [_thread_blocked, id=5784, stack(0x0000006765000000,0x0000006765100000)]
  0x0000025de42ec000 JavaThread "Cache worker for checksums cache (C:\Users\Dell\AndroidStudioProjects\AgeCalculator\.gradle\checksums)" [_thread_blocked, id=14956, stack(0x0000006765100000,0x0000006765200000)]
  0x0000025de42ee800 JavaThread "Cache worker for cache directory md-supplier (C:\Users\Dell\.gradle\caches\7.0.2\md-supplier)" [_thread_blocked, id=10976, stack(0x0000006765200000,0x0000006765300000)]
  0x0000025de42e8800 JavaThread "Cache worker for cache directory md-rule (C:\Users\Dell\.gradle\caches\7.0.2\md-rule)" [_thread_blocked, id=13920, stack(0x0000006765500000,0x0000006765600000)]
  0x0000025de42ea800 JavaThread "Cache worker for dependencies-accessors (C:\Users\Dell\AndroidStudioProjects\AgeCalculator\.gradle\7.0.2\dependencies-accessors)" [_thread_blocked, id=4564, stack(0x0000006765600000,0x0000006765700000)]
  0x0000025de42f1800 JavaThread "Cache worker for Build Output Cleanup Cache (C:\Users\Dell\AndroidStudioProjects\AgeCalculator\.gradle\buildOutputCleanup)" [_thread_blocked, id=1536, stack(0x0000006765d00000,0x0000006765e00000)]
  0x0000025de42f5800 JavaThread "Build operations" [_thread_in_Java, id=7524, stack(0x0000006765f00000,0x0000006766000000)]
  0x0000025de42f5000 JavaThread "Build operations Thread 2" [_thread_blocked, id=14824, stack(0x0000006766200000,0x0000006766300000)]
  0x0000025de42f1000 JavaThread "Build operations Thread 3" [_thread_blocked, id=3044, stack(0x0000006766300000,0x0000006766400000)]
  0x0000025de42f3800 JavaThread "Build operations Thread 4" [_thread_in_native, id=14128, stack(0x0000006766400000,0x0000006766500000)]
  0x0000025de395b000 JavaThread "build event listener" [_thread_blocked, id=11852, stack(0x0000006766500000,0x0000006766600000)]
  0x0000025de395d000 JavaThread "Execution worker for ':'" [_thread_blocked, id=5096, stack(0x0000006766600000,0x0000006766700000)]
  0x0000025de3961800 JavaThread "Execution worker for ':' Thread 2" [_thread_blocked, id=14256, stack(0x0000006766700000,0x0000006766800000)]
  0x0000025de395e800 JavaThread "Execution worker for ':' Thread 3" [_thread_blocked, id=6820, stack(0x0000006766900000,0x0000006766a00000)]
  0x0000025de395f000 JavaThread "Cache worker for execution history cache (C:\Users\Dell\AndroidStudioProjects\AgeCalculator\.gradle\7.0.2\executionHistory)" [_thread_blocked, id=11776, stack(0x0000006766a00000,0x0000006766b00000)]
  0x0000025de42f6800 JavaThread "WorkerExecutor Queue Thread 2" [_thread_in_native, id=14116, stack(0x0000006766d00000,0x0000006766e00000)]
  0x0000025de772d800 JavaThread "WorkerExecutor Queue Thread 3" [_thread_blocked, id=12540, stack(0x0000006766e00000,0x0000006766f00000)]
  0x0000025de7730000 JavaThread "WorkerExecutor Queue Thread 4" [_thread_blocked, id=10552, stack(0x0000006766f00000,0x0000006767000000)]
  0x0000025de772e000 JavaThread "WorkerExecutor Queue Thread 5" [_thread_blocked, id=7200, stack(0x0000006765e00000,0x0000006765f00000)]
=>0x0000025de0e0c000 JavaThread "C2 CompilerThread1" daemon [_thread_in_native, id=14700, stack(0x0000006766c00000,0x0000006766d00000)]
  0x0000025de772a000 JavaThread "pool-5-thread-1" [_thread_blocked, id=9228, stack(0x0000006767000000,0x0000006767100000)]
  0x0000025de772c800 JavaThread "stderr" [_thread_in_native, id=9656, stack(0x0000006767100000,0x0000006767200000)]
  0x0000025de772f000 JavaThread "stdout" [_thread_in_native, id=13984, stack(0x0000006767200000,0x0000006767300000)]

Other Threads:
  0x0000025de0605800 VMThread "VM Thread" [stack: 0x0000006763a00000,0x0000006763b00000] [id=12992]
  0x0000025de07f4000 WatcherThread [stack: 0x0000006764400000,0x0000006764500000] [id=5952]
  0x0000025dc42a6000 GCTaskThread "GC Thread#0" [stack: 0x0000006763500000,0x0000006763600000] [id=5144]
  0x0000025de08d8000 GCTaskThread "GC Thread#1" [stack: 0x0000006764600000,0x0000006764700000] [id=7344]
  0x0000025de0ba3000 GCTaskThread "GC Thread#2" [stack: 0x0000006764700000,0x0000006764800000] [id=8068]
  0x0000025de0ba4000 GCTaskThread "GC Thread#3" [stack: 0x0000006764800000,0x0000006764900000] [id=1208]
  0x0000025dc42d7000 ConcurrentGCThread "G1 Main Marker" [stack: 0x0000006763600000,0x0000006763700000] [id=7292]
  0x0000025dc42d8000 ConcurrentGCThread "G1 Conc#0" [stack: 0x0000006763700000,0x0000006763800000] [id=9476]
  0x0000025dc436e000 ConcurrentGCThread "G1 Refine#0" [stack: 0x0000006763800000,0x0000006763900000] [id=13088]
  0x0000025de5fe6800 ConcurrentGCThread "G1 Refine#1" [stack: 0x0000006766b00000,0x0000006766c00000] [id=12168]
  0x0000025ddfc32800 ConcurrentGCThread "G1 Young RemSet Sampling" [stack: 0x0000006763900000,0x0000006763a00000] [id=13024]

Threads with active compile tasks:
C2 CompilerThread02301024 22805       4       com.android.tools.r8.internal.XC::b (682 bytes)
C2 CompilerThread12301024 22606       4       com.android.tools.r8.internal.Tr::a (282 bytes)

VM state:not at safepoint (normal execution)

VM Mutex/Monitor currently owned by a thread: None

Heap address: 0x0000000080000000, size: 2048 MB, Compressed Oops mode: 32-bit
Narrow klass base: 0x0000000000000000, Narrow klass shift: 3
Compressed class space size: 1073741824 Address: 0x0000000100000000

Heap:
 garbage-first heap   total 280576K, used 204089K [0x0000000080000000, 0x0000000100000000)
  region size 1024K, 77 young (78848K), 2 survivors (2048K)
 Metaspace       used 133940K, capacity 137648K, committed 137984K, reserved 1169408K
  class space    used 16718K, capacity 18061K, committed 18176K, reserved 1048576K
Heap Regions: E=young(eden), S=young(survivor), O=old, HS=humongous(starts), HC=humongous(continues), CS=collection set, F=free, A=archive, TAMS=top-at-mark-start (previous, next)
|   0|0x0000000080000000, 0x0000000080100000, 0x0000000080100000|100%| O|  |TAMS 0x0000000080100000, 0x0000000080000000| Untracked 
|   1|0x0000000080100000, 0x0000000080200000, 0x0000000080200000|100%| O|  |TAMS 0x0000000080200000, 0x0000000080100000| Untracked 
|   2|0x0000000080200000, 0x0000000080300000, 0x0000000080300000|100%| O|  |TAMS 0x0000000080300000, 0x0000000080200000| Untracked 
|   3|0x0000000080300000, 0x0000000080400000, 0x0000000080400000|100%|HS|  |TAMS 0x0000000080400000, 0x0000000080300000| Complete 
|   4|0x0000000080400000, 0x0000000080500000, 0x0000000080500000|100%|HC|  |TAMS 0x0000000080500000, 0x0000000080400000| Complete 
|   5|0x0000000080500000, 0x0000000080600000, 0x0000000080600000|100%|HC|  |TAMS 0x0000000080600000, 0x0000000080500000| Complete 
|   6|0x0000000080600000, 0x0000000080700000, 0x0000000080700000|100%| O|  |TAMS 0x0000000080700000, 0x0000000080600000| Untracked 
|   7|0x0000000080700000, 0x0000000080800000, 0x0000000080800000|100%| O|  |TAMS 0x0000000080800000, 0x0000000080700000| Untracked 
|   8|0x0000000080800000, 0x0000000080900000, 0x0000000080900000|100%| O|  |TAMS 0x0000000080900000, 0x0000000080800000| Untracked 
|   9|0x0000000080900000, 0x0000000080a00000, 0x0000000080a00000|100%|HS|  |TAMS 0x0000000080a00000, 0x0000000080900000| Complete 
|  10|0x0000000080a00000, 0x0000000080b00000, 0x0000000080b00000|100%|HC|  |TAMS 0x0000000080b00000, 0x0000000080a00000| Complete 
|  11|0x0000000080b00000, 0x0000000080c00000, 0x0000000080c00000|100%|HS|  |TAMS 0x0000000080c00000, 0x0000000080b00000| Complete 
|  12|0x0000000080c00000, 0x0000000080d00000, 0x0000000080d00000|100%|HC|  |TAMS 0x0000000080d00000, 0x0000000080c00000| Complete 
|  13|0x0000000080d00000, 0x0000000080e00000, 0x0000000080e00000|100%|HC|  |TAMS 0x0000000080e00000, 0x0000000080d00000| Complete 
|  14|0x0000000080e00000, 0x0000000080f00000, 0x0000000080f00000|100%|HS|  |TAMS 0x0000000080f00000, 0x0000000080e00000| Complete 
|  15|0x0000000080f00000, 0x0000000081000000, 0x0000000081000000|100%|HC|  |TAMS 0x0000000081000000, 0x0000000080f00000| Complete 
|  16|0x0000000081000000, 0x0000000081100000, 0x0000000081100000|100%|HC|  |TAMS 0x0000000081100000, 0x0000000081000000| Complete 
|  17|0x0000000081100000, 0x0000000081200000, 0x0000000081200000|100%|HC|  |TAMS 0x0000000081200000, 0x0000000081100000| Complete 
|  18|0x0000000081200000, 0x0000000081300000, 0x0000000081300000|100%|HC|  |TAMS 0x0000000081300000, 0x0000000081200000| Complete 
|  19|0x0000000081300000, 0x0000000081400000, 0x0000000081400000|100%| O|  |TAMS 0x0000000081400000, 0x0000000081300000| Untracked 
|  20|0x0000000081400000, 0x0000000081500000, 0x0000000081500000|100%| O|  |TAMS 0x0000000081500000, 0x0000000081400000| Untracked 
|  21|0x0000000081500000, 0x0000000081600000, 0x0000000081600000|100%| O|  |TAMS 0x0000000081600000, 0x0000000081500000| Untracked 
|  22|0x0000000081600000, 0x0000000081700000, 0x0000000081700000|100%| O|  |TAMS 0x0000000081700000, 0x0000000081600000| Untracked 
|  23|0x0000000081700000, 0x0000000081800000, 0x0000000081800000|100%| O|  |TAMS 0x0000000081800000, 0x0000000081700000| Untracked 
|  24|0x0000000081800000, 0x0000000081900000, 0x0000000081900000|100%| O|  |TAMS 0x0000000081900000, 0x0000000081800000| Untracked 
|  25|0x0000000081900000, 0x0000000081a00000, 0x0000000081a00000|100%| O|  |TAMS 0x0000000081a00000, 0x0000000081900000| Untracked 
|  26|0x0000000081a00000, 0x0000000081b00000, 0x0000000081b00000|100%| O|  |TAMS 0x0000000081b00000, 0x0000000081a00000| Untracked 
|  27|0x0000000081b00000, 0x0000000081c00000, 0x0000000081c00000|100%|HS|  |TAMS 0x0000000081c00000, 0x0000000081b00000| Complete 
|  28|0x0000000081c00000, 0x0000000081d00000, 0x0000000081d00000|100%|HC|  |TAMS 0x0000000081d00000, 0x0000000081c00000| Complete 
|  29|0x0000000081d00000, 0x0000000081e00000, 0x0000000081e00000|100%|HC|  |TAMS 0x0000000081e00000, 0x0000000081d00000| Complete 
|  30|0x0000000081e00000, 0x0000000081f00000, 0x0000000081f00000|100%|HS|  |TAMS 0x0000000081f00000, 0x0000000081e00000| Complete 
|  31|0x0000000081f00000, 0x0000000082000000, 0x0000000082000000|100%|HC|  |TAMS 0x0000000082000000, 0x0000000081f00000| Complete 
|  32|0x0000000082000000, 0x0000000082100000, 0x0000000082100000|100%|HC|  |TAMS 0x0000000082100000, 0x0000000082000000| Complete 
|  33|0x0000000082100000, 0x0000000082200000, 0x0000000082200000|100%|HC|  |TAMS 0x0000000082200000, 0x0000000082100000| Complete 
|  34|0x0000000082200000, 0x0000000082300000, 0x0000000082300000|100%|HC|  |TAMS 0x0000000082300000, 0x0000000082200000| Complete 
|  35|0x0000000082300000, 0x0000000082400000, 0x0000000082400000|100%| O|  |TAMS 0x0000000082400000, 0x0000000082300000| Untracked 
|  36|0x0000000082400000, 0x0000000082500000, 0x0000000082500000|100%| O|  |TAMS 0x0000000082500000, 0x0000000082400000| Untracked 
|  37|0x0000000082500000, 0x0000000082600000, 0x0000000082600000|100%| O|  |TAMS 0x0000000082600000, 0x0000000082500000| Untracked 
|  38|0x0000000082600000, 0x0000000082700000, 0x0000000082700000|100%| O|  |TAMS 0x0000000082700000, 0x0000000082600000| Untracked 
|  39|0x0000000082700000, 0x0000000082800000, 0x0000000082800000|100%| O|  |TAMS 0x0000000082800000, 0x0000000082700000| Untracked 
|  40|0x0000000082800000, 0x0000000082800000, 0x0000000082900000|  0%| F|  |TAMS 0x0000000082800000, 0x0000000082800000| Untracked 
|  41|0x0000000082900000, 0x0000000082a00000, 0x0000000082a00000|100%|HS|  |TAMS 0x0000000082a00000, 0x0000000082900000| Complete 
|  42|0x0000000082a00000, 0x0000000082b00000, 0x0000000082b00000|100%| O|  |TAMS 0x0000000082b00000, 0x0000000082a00000| Untracked 
|  43|0x0000000082b00000, 0x0000000082c00000, 0x0000000082c00000|100%| O|  |TAMS 0x0000000082c00000, 0x0000000082b00000| Untracked 
|  44|0x0000000082c00000, 0x0000000082c00000, 0x0000000082d00000|  0%| F|  |TAMS 0x0000000082c00000, 0x0000000082c00000| Untracked 
|  45|0x0000000082d00000, 0x0000000082e00000, 0x0000000082e00000|100%| O|  |TAMS 0x0000000082e00000, 0x0000000082d00000| Untracked 
|  46|0x0000000082e00000, 0x0000000082f00000, 0x0000000082f00000|100%| O|  |TAMS 0x0000000082f00000, 0x0000000082e00000| Untracked 
|  47|0x0000000082f00000, 0x0000000083000000, 0x0000000083000000|100%| O|  |TAMS 0x0000000083000000, 0x0000000082f00000| Untracked 
|  48|0x0000000083000000, 0x0000000083100000, 0x0000000083100000|100%| O|  |TAMS 0x0000000083100000, 0x0000000083000000| Untracked 
|  49|0x0000000083100000, 0x0000000083200000, 0x0000000083200000|100%|HS|  |TAMS 0x0000000083200000, 0x0000000083100000| Complete 
|  50|0x0000000083200000, 0x0000000083300000, 0x0000000083300000|100%|HS|  |TAMS 0x0000000083300000, 0x0000000083200000| Complete 
|  51|0x0000000083300000, 0x0000000083400000, 0x0000000083400000|100%|HC|  |TAMS 0x0000000083400000, 0x0000000083300000| Complete 
|  52|0x0000000083400000, 0x0000000083500000, 0x0000000083500000|100%| O|  |TAMS 0x0000000083500000, 0x0000000083400000| Untracked 
|  53|0x0000000083500000, 0x0000000083600000, 0x0000000083600000|100%| O|  |TAMS 0x0000000083600000, 0x0000000083500000| Untracked 
|  54|0x0000000083600000, 0x0000000083700000, 0x0000000083700000|100%| O|  |TAMS 0x0000000083700000, 0x0000000083600000| Untracked 
|  55|0x0000000083700000, 0x0000000083800000, 0x0000000083800000|100%| O|  |TAMS 0x0000000083800000, 0x0000000083700000| Untracked 
|  56|0x0000000083800000, 0x0000000083900000, 0x0000000083900000|100%| O|  |TAMS 0x0000000083900000, 0x0000000083800000| Untracked 
|  57|0x0000000083900000, 0x0000000083a00000, 0x0000000083a00000|100%| O|  |TAMS 0x0000000083a00000, 0x0000000083900000| Untracked 
|  58|0x0000000083a00000, 0x0000000083b00000, 0x0000000083b00000|100%| O|  |TAMS 0x0000000083b00000, 0x0000000083a00000| Untracked 
|  59|0x0000000083b00000, 0x0000000083c00000, 0x0000000083c00000|100%| O|  |TAMS 0x0000000083c00000, 0x0000000083b00000| Untracked 
|  60|0x0000000083c00000, 0x0000000083d00000, 0x0000000083d00000|100%| O|  |TAMS 0x0000000083d00000, 0x0000000083c00000| Untracked 
|  61|0x0000000083d00000, 0x0000000083e00000, 0x0000000083e00000|100%| O|  |TAMS 0x0000000083e00000, 0x0000000083d00000| Untracked 
|  62|0x0000000083e00000, 0x0000000083f00000, 0x0000000083f00000|100%| O|  |TAMS 0x0000000083f00000, 0x0000000083e00000| Untracked 
|  63|0x0000000083f00000, 0x0000000084000000, 0x0000000084000000|100%| O|  |TAMS 0x0000000084000000, 0x0000000083f00000| Untracked 
|  64|0x0000000084000000, 0x0000000084100000, 0x0000000084100000|100%| O|  |TAMS 0x0000000084100000, 0x0000000084000000| Untracked 
|  65|0x0000000084100000, 0x0000000084200000, 0x0000000084200000|100%| O|  |TAMS 0x0000000084200000, 0x0000000084100000| Untracked 
|  66|0x0000000084200000, 0x0000000084300000, 0x0000000084300000|100%| O|  |TAMS 0x0000000084300000, 0x0000000084200000| Untracked 
|  67|0x0000000084300000, 0x0000000084300000, 0x0000000084400000|  0%| F|  |TAMS 0x0000000084300000, 0x0000000084300000| Untracked 
|  68|0x0000000084400000, 0x0000000084500000, 0x0000000084500000|100%| O|  |TAMS 0x0000000084500000, 0x0000000084400000| Untracked 
|  69|0x0000000084500000, 0x0000000084600000, 0x0000000084600000|100%| O|  |TAMS 0x0000000084600000, 0x0000000084500000| Untracked 
|  70|0x0000000084600000, 0x0000000084700000, 0x0000000084700000|100%| O|  |TAMS 0x0000000084700000, 0x0000000084600000| Untracked 
|  71|0x0000000084700000, 0x0000000084800000, 0x0000000084800000|100%| O|  |TAMS 0x0000000084800000, 0x0000000084700000| Untracked 
|  72|0x0000000084800000, 0x0000000084900000, 0x0000000084900000|100%| O|  |TAMS 0x0000000084900000, 0x0000000084800000| Untracked 
|  73|0x0000000084900000, 0x0000000084a00000, 0x0000000084a00000|100%| O|  |TAMS 0x0000000084a00000, 0x0000000084900000| Untracked 
|  74|0x0000000084a00000, 0x0000000084a00000, 0x0000000084b00000|  0%| F|  |TAMS 0x0000000084a00000, 0x0000000084a00000| Untracked 
|  75|0x0000000084b00000, 0x0000000084c00000, 0x0000000084c00000|100%| O|  |TAMS 0x0000000084c00000, 0x0000000084b00000| Untracked 
|  76|0x0000000084c00000, 0x0000000084d00000, 0x0000000084d00000|100%| O|  |TAMS 0x0000000084d00000, 0x0000000084c00000| Untracked 
|  77|0x0000000084d00000, 0x0000000084e00000, 0x0000000084e00000|100%| O|  |TAMS 0x0000000084e00000, 0x0000000084d00000| Untracked 
|  78|0x0000000084e00000, 0x0000000084f00000, 0x0000000084f00000|100%| O|  |TAMS 0x0000000084f00000, 0x0000000084e00000| Untracked 
|  79|0x0000000084f00000, 0x0000000085000000, 0x0000000085000000|100%| O|  |TAMS 0x0000000085000000, 0x0000000084f00000| Untracked 
|  80|0x0000000085000000, 0x0000000085100000, 0x0000000085100000|100%| O|  |TAMS 0x0000000085100000, 0x0000000085000000| Untracked 
|  81|0x0000000085100000, 0x0000000085200000, 0x0000000085200000|100%| O|  |TAMS 0x0000000085200000, 0x0000000085100000| Untracked 
|  82|0x0000000085200000, 0x0000000085300000, 0x0000000085300000|100%| O|  |TAMS 0x0000000085300000, 0x0000000085200000| Untracked 
|  83|0x0000000085300000, 0x0000000085400000, 0x0000000085400000|100%| O|  |TAMS 0x0000000085400000, 0x0000000085300000| Untracked 
|  84|0x0000000085400000, 0x0000000085500000, 0x0000000085500000|100%| O|  |TAMS 0x0000000085500000, 0x0000000085400000| Untracked 
|  85|0x0000000085500000, 0x0000000085600000, 0x0000000085600000|100%| O|  |TAMS 0x0000000085600000, 0x0000000085500000| Untracked 
|  86|0x0000000085600000, 0x0000000085700000, 0x0000000085700000|100%| O|  |TAMS 0x0000000085700000, 0x0000000085600000| Untracked 
|  87|0x0000000085700000, 0x0000000085700000, 0x0000000085800000|  0%| F|  |TAMS 0x0000000085700000, 0x0000000085700000| Untracked 
|  88|0x0000000085800000, 0x0000000085900000, 0x0000000085900000|100%| O|  |TAMS 0x0000000085800000, 0x0000000085800000| Untracked 
|  89|0x0000000085900000, 0x0000000085a00000, 0x0000000085a00000|100%| O|  |TAMS 0x0000000085a00000, 0x0000000085900000| Untracked 
|  90|0x0000000085a00000, 0x0000000085b00000, 0x0000000085b00000|100%| O|  |TAMS 0x0000000085b00000, 0x0000000085a00000| Untracked 
|  91|0x0000000085b00000, 0x0000000085c00000, 0x0000000085c00000|100%| O|  |TAMS 0x0000000085c00000, 0x0000000085b00000| Untracked 
|  92|0x0000000085c00000, 0x0000000085d00000, 0x0000000085d00000|100%| O|  |TAMS 0x0000000085d00000, 0x0000000085c00000| Untracked 
|  93|0x0000000085d00000, 0x0000000085d00000, 0x0000000085e00000|  0%| F|  |TAMS 0x0000000085d00000, 0x0000000085d00000| Untracked 
|  94|0x0000000085e00000, 0x0000000085f00000, 0x0000000085f00000|100%| O|  |TAMS 0x0000000085f00000, 0x0000000085e00000| Untracked 
|  95|0x0000000085f00000, 0x0000000086000000, 0x0000000086000000|100%| O|  |TAMS 0x0000000086000000, 0x0000000085f00000| Untracked 
|  96|0x0000000086000000, 0x0000000086100000, 0x0000000086100000|100%| O|  |TAMS 0x0000000086100000, 0x0000000086000000| Untracked 
|  97|0x0000000086100000, 0x0000000086200000, 0x0000000086200000|100%| O|  |TAMS 0x0000000086200000, 0x0000000086100000| Untracked 
|  98|0x0000000086200000, 0x0000000086300000, 0x0000000086300000|100%| O|  |TAMS 0x0000000086300000, 0x0000000086200000| Untracked 
|  99|0x0000000086300000, 0x0000000086400000, 0x0000000086400000|100%| O|  |TAMS 0x0000000086400000, 0x0000000086300000| Untracked 
| 100|0x0000000086400000, 0x0000000086500000, 0x0000000086500000|100%| O|  |TAMS 0x0000000086500000, 0x0000000086400000| Untracked 
| 101|0x0000000086500000, 0x0000000086600000, 0x0000000086600000|100%| O|  |TAMS 0x0000000086600000, 0x0000000086500000| Untracked 
| 102|0x0000000086600000, 0x0000000086700000, 0x0000000086700000|100%| O|  |TAMS 0x0000000086700000, 0x0000000086600000| Untracked 
| 103|0x0000000086700000, 0x0000000086800000, 0x0000000086800000|100%| O|  |TAMS 0x0000000086800000, 0x0000000086700000| Untracked 
| 104|0x0000000086800000, 0x0000000086900000, 0x0000000086900000|100%| O|  |TAMS 0x0000000086900000, 0x0000000086800000| Untracked 
| 105|0x0000000086900000, 0x0000000086a00000, 0x0000000086a00000|100%| O|  |TAMS 0x0000000086a00000, 0x0000000086900000| Untracked 
| 106|0x0000000086a00000, 0x0000000086b00000, 0x0000000086b00000|100%| O|  |TAMS 0x0000000086b00000, 0x0000000086a00000| Untracked 
| 107|0x0000000086b00000, 0x0000000086c00000, 0x0000000086c00000|100%| O|  |TAMS 0x0000000086b16400, 0x0000000086b00000| Untracked 
| 108|0x0000000086c00000, 0x0000000086d00000, 0x0000000086d00000|100%| O|  |TAMS 0x0000000086c00000, 0x0000000086c00000| Untracked 
| 109|0x0000000086d00000, 0x0000000086e00000, 0x0000000086e00000|100%| O|  |TAMS 0x0000000086d00000, 0x0000000086d00000| Untracked 
| 110|0x0000000086e00000, 0x0000000086f00000, 0x0000000086f00000|100%| O|  |TAMS 0x0000000086e00000, 0x0000000086e00000| Untracked 
| 111|0x0000000086f00000, 0x0000000087000000, 0x0000000087000000|100%| O|  |TAMS 0x0000000086f00000, 0x0000000086f00000| Untracked 
| 112|0x0000000087000000, 0x0000000087100000, 0x0000000087100000|100%| O|  |TAMS 0x0000000087000000, 0x0000000087000000| Untracked 
| 113|0x0000000087100000, 0x0000000087200000, 0x0000000087200000|100%| O|  |TAMS 0x0000000087100000, 0x0000000087100000| Untracked 
| 114|0x0000000087200000, 0x0000000087300000, 0x0000000087300000|100%| O|  |TAMS 0x0000000087200000, 0x0000000087200000| Untracked 
| 115|0x0000000087300000, 0x0000000087400000, 0x0000000087400000|100%| O|  |TAMS 0x0000000087300000, 0x0000000087300000| Untracked 
| 116|0x0000000087400000, 0x0000000087500000, 0x0000000087500000|100%| O|  |TAMS 0x0000000087400000, 0x0000000087400000| Untracked 
| 117|0x0000000087500000, 0x0000000087600000, 0x0000000087600000|100%| O|  |TAMS 0x0000000087500000, 0x0000000087500000| Untracked 
| 118|0x0000000087600000, 0x00000000876d1600, 0x0000000087700000| 81%| O|  |TAMS 0x0000000087600000, 0x0000000087600000| Untracked 
| 119|0x0000000087700000, 0x0000000087700000, 0x0000000087800000|  0%| F|  |TAMS 0x0000000087700000, 0x0000000087700000| Untracked 
| 120|0x0000000087800000, 0x0000000087800000, 0x0000000087900000|  0%| F|  |TAMS 0x0000000087800000, 0x0000000087800000| Untracked 
| 121|0x0000000087900000, 0x0000000087900000, 0x0000000087a00000|  0%| F|  |TAMS 0x0000000087900000, 0x0000000087900000| Untracked 
| 122|0x0000000087a00000, 0x0000000087a00000, 0x0000000087b00000|  0%| F|  |TAMS 0x0000000087a00000, 0x0000000087a00000| Untracked 
| 123|0x0000000087b00000, 0x0000000087c00000, 0x0000000087c00000|100%| O|  |TAMS 0x0000000087c00000, 0x0000000087b00000| Untracked 
| 124|0x0000000087c00000, 0x0000000087d00000, 0x0000000087d00000|100%| O|  |TAMS 0x0000000087d00000, 0x0000000087c00000| Untracked 
| 125|0x0000000087d00000, 0x0000000087e00000, 0x0000000087e00000|100%| O|  |TAMS 0x0000000087e00000, 0x0000000087d00000| Untracked 
| 126|0x0000000087e00000, 0x0000000087f00000, 0x0000000087f00000|100%| O|  |TAMS 0x0000000087f00000, 0x0000000087e00000| Untracked 
| 127|0x0000000087f00000, 0x0000000088000000, 0x0000000088000000|100%| O|  |TAMS 0x0000000088000000, 0x0000000087f00000| Untracked 
| 128|0x0000000088000000, 0x0000000088000000, 0x0000000088100000|  0%| F|  |TAMS 0x0000000088000000, 0x0000000088000000| Untracked 
| 129|0x0000000088100000, 0x0000000088100000, 0x0000000088200000|  0%| F|  |TAMS 0x0000000088100000, 0x0000000088100000| Untracked 
| 130|0x0000000088200000, 0x0000000088200000, 0x0000000088300000|  0%| F|  |TAMS 0x0000000088200000, 0x0000000088200000| Untracked 
| 131|0x0000000088300000, 0x0000000088300000, 0x0000000088400000|  0%| F|  |TAMS 0x0000000088300000, 0x0000000088300000| Untracked 
| 132|0x0000000088400000, 0x0000000088400000, 0x0000000088500000|  0%| F|  |TAMS 0x0000000088400000, 0x0000000088400000| Untracked 
| 133|0x0000000088500000, 0x0000000088500000, 0x0000000088600000|  0%| F|  |TAMS 0x0000000088500000, 0x0000000088500000| Untracked 
| 134|0x0000000088600000, 0x0000000088700000, 0x0000000088700000|100%| O|  |TAMS 0x0000000088700000, 0x0000000088600000| Untracked 
| 135|0x0000000088700000, 0x0000000088800000, 0x0000000088800000|100%| O|  |TAMS 0x0000000088800000, 0x0000000088700000| Untracked 
| 136|0x0000000088800000, 0x0000000088900000, 0x0000000088900000|100%| O|  |TAMS 0x0000000088900000, 0x0000000088800000| Untracked 
| 137|0x0000000088900000, 0x0000000088900000, 0x0000000088a00000|  0%| F|  |TAMS 0x0000000088900000, 0x0000000088900000| Untracked 
| 138|0x0000000088a00000, 0x0000000088a00000, 0x0000000088b00000|  0%| F|  |TAMS 0x0000000088a00000, 0x0000000088a00000| Untracked 
| 139|0x0000000088b00000, 0x0000000088c00000, 0x0000000088c00000|100%| O|  |TAMS 0x0000000088c00000, 0x0000000088b00000| Untracked 
| 140|0x0000000088c00000, 0x0000000088c00000, 0x0000000088d00000|  0%| F|  |TAMS 0x0000000088c00000, 0x0000000088c00000| Untracked 
| 141|0x0000000088d00000, 0x0000000088e00000, 0x0000000088e00000|100%| O|  |TAMS 0x0000000088e00000, 0x0000000088d00000| Untracked 
| 142|0x0000000088e00000, 0x0000000088e00000, 0x0000000088f00000|  0%| F|  |TAMS 0x0000000088e00000, 0x0000000088e00000| Untracked 
| 143|0x0000000088f00000, 0x0000000088f00000, 0x0000000089000000|  0%| F|  |TAMS 0x0000000088f00000, 0x0000000088f00000| Untracked 
| 144|0x0000000089000000, 0x0000000089000000, 0x0000000089100000|  0%| F|  |TAMS 0x0000000089000000, 0x0000000089000000| Untracked 
| 145|0x0000000089100000, 0x0000000089100000, 0x0000000089200000|  0%| F|  |TAMS 0x0000000089100000, 0x0000000089100000| Untracked 
| 146|0x0000000089200000, 0x0000000089200000, 0x0000000089300000|  0%| F|  |TAMS 0x0000000089200000, 0x0000000089200000| Untracked 
| 147|0x0000000089300000, 0x0000000089300000, 0x0000000089400000|  0%| F|  |TAMS 0x0000000089300000, 0x0000000089300000| Untracked 
| 148|0x0000000089400000, 0x0000000089400000, 0x0000000089500000|  0%| F|  |TAMS 0x0000000089400000, 0x0000000089400000| Untracked 
| 149|0x0000000089500000, 0x0000000089500000, 0x0000000089600000|  0%| F|  |TAMS 0x0000000089500000, 0x0000000089500000| Untracked 
| 150|0x0000000089600000, 0x0000000089600000, 0x0000000089700000|  0%| F|  |TAMS 0x0000000089600000, 0x0000000089600000| Untracked 
| 151|0x0000000089700000, 0x0000000089700000, 0x0000000089800000|  0%| F|  |TAMS 0x0000000089700000, 0x0000000089700000| Untracked 
| 152|0x0000000089800000, 0x0000000089800000, 0x0000000089900000|  0%| F|  |TAMS 0x0000000089800000, 0x0000000089800000| Untracked 
| 153|0x0000000089900000, 0x0000000089a00000, 0x0000000089a00000|100%| O|  |TAMS 0x0000000089a00000, 0x0000000089900000| Untracked 
| 154|0x0000000089a00000, 0x0000000089a00000, 0x0000000089b00000|  0%| F|  |TAMS 0x0000000089a00000, 0x0000000089a00000| Untracked 
| 155|0x0000000089b00000, 0x0000000089b00000, 0x0000000089c00000|  0%| F|  |TAMS 0x0000000089b00000, 0x0000000089b00000| Untracked 
| 156|0x0000000089c00000, 0x0000000089c00000, 0x0000000089d00000|  0%| F|  |TAMS 0x0000000089c00000, 0x0000000089c00000| Untracked 
| 157|0x0000000089d00000, 0x0000000089d00000, 0x0000000089e00000|  0%| F|  |TAMS 0x0000000089d00000, 0x0000000089d00000| Untracked 
| 158|0x0000000089e00000, 0x0000000089e00000, 0x0000000089f00000|  0%| F|  |TAMS 0x0000000089e00000, 0x0000000089e00000| Untracked 
| 159|0x0000000089f00000, 0x0000000089f00000, 0x000000008a000000|  0%| F|  |TAMS 0x0000000089f00000, 0x0000000089f00000| Untracked 
| 160|0x000000008a000000, 0x000000008a000000, 0x000000008a100000|  0%| F|  |TAMS 0x000000008a000000, 0x000000008a000000| Untracked 
| 161|0x000000008a100000, 0x000000008a100000, 0x000000008a200000|  0%| F|  |TAMS 0x000000008a100000, 0x000000008a100000| Untracked 
| 162|0x000000008a200000, 0x000000008a200000, 0x000000008a300000|  0%| F|  |TAMS 0x000000008a200000, 0x000000008a200000| Untracked 
| 163|0x000000008a300000, 0x000000008a300000, 0x000000008a400000|  0%| F|  |TAMS 0x000000008a300000, 0x000000008a300000| Untracked 
| 164|0x000000008a400000, 0x000000008a400000, 0x000000008a500000|  0%| F|  |TAMS 0x000000008a400000, 0x000000008a400000| Untracked 
| 165|0x000000008a500000, 0x000000008a500000, 0x000000008a600000|  0%| F|  |TAMS 0x000000008a500000, 0x000000008a500000| Untracked 
| 166|0x000000008a600000, 0x000000008a600000, 0x000000008a700000|  0%| F|  |TAMS 0x000000008a600000, 0x000000008a600000| Untracked 
| 167|0x000000008a700000, 0x000000008a700000, 0x000000008a800000|  0%| F|  |TAMS 0x000000008a700000, 0x000000008a700000| Untracked 
| 168|0x000000008a800000, 0x000000008a800000, 0x000000008a900000|  0%| F|  |TAMS 0x000000008a800000, 0x000000008a800000| Untracked 
| 169|0x000000008a900000, 0x000000008a900000, 0x000000008aa00000|  0%| F|  |TAMS 0x000000008a900000, 0x000000008a900000| Untracked 
| 170|0x000000008aa00000, 0x000000008aa00000, 0x000000008ab00000|  0%| F|  |TAMS 0x000000008aa00000, 0x000000008aa00000| Untracked 
| 171|0x000000008ab00000, 0x000000008ab00000, 0x000000008ac00000|  0%| F|  |TAMS 0x000000008ab00000, 0x000000008ab00000| Untracked 
| 172|0x000000008ac00000, 0x000000008ac00000, 0x000000008ad00000|  0%| F|  |TAMS 0x000000008ac00000, 0x000000008ac00000| Untracked 
| 173|0x000000008ad00000, 0x000000008ad00000, 0x000000008ae00000|  0%| F|  |TAMS 0x000000008ad00000, 0x000000008ad00000| Untracked 
| 174|0x000000008ae00000, 0x000000008ae00000, 0x000000008af00000|  0%| F|  |TAMS 0x000000008ae00000, 0x000000008ae00000| Untracked 
| 175|0x000000008af00000, 0x000000008af00000, 0x000000008b000000|  0%| F|  |TAMS 0x000000008af00000, 0x000000008af00000| Untracked 
| 176|0x000000008b000000, 0x000000008b000000, 0x000000008b100000|  0%| F|  |TAMS 0x000000008b000000, 0x000000008b000000| Untracked 
| 177|0x000000008b100000, 0x000000008b100000, 0x000000008b200000|  0%| F|  |TAMS 0x000000008b100000, 0x000000008b100000| Untracked 
| 178|0x000000008b200000, 0x000000008b200000, 0x000000008b300000|  0%| F|  |TAMS 0x000000008b200000, 0x000000008b200000| Untracked 
| 179|0x000000008b300000, 0x000000008b300000, 0x000000008b400000|  0%| F|  |TAMS 0x000000008b300000, 0x000000008b300000| Untracked 
| 180|0x000000008b400000, 0x000000008b400000, 0x000000008b500000|  0%| F|  |TAMS 0x000000008b400000, 0x000000008b400000| Untracked 
| 181|0x000000008b500000, 0x000000008b500000, 0x000000008b600000|  0%| F|  |TAMS 0x000000008b500000, 0x000000008b500000| Untracked 
| 182|0x000000008b600000, 0x000000008b67d0f0, 0x000000008b700000| 48%| S|CS|TAMS 0x000000008b600000, 0x000000008b600000| Complete 
| 183|0x000000008b700000, 0x000000008b800000, 0x000000008b800000|100%| S|CS|TAMS 0x000000008b700000, 0x000000008b700000| Complete 
| 184|0x000000008b800000, 0x000000008b800000, 0x000000008b900000|  0%| F|  |TAMS 0x000000008b800000, 0x000000008b800000| Untracked 
| 185|0x000000008b900000, 0x000000008b900000, 0x000000008ba00000|  0%| F|  |TAMS 0x000000008b900000, 0x000000008b900000| Untracked 
| 186|0x000000008ba00000, 0x000000008ba00000, 0x000000008bb00000|  0%| F|  |TAMS 0x000000008ba00000, 0x000000008ba00000| Untracked 
| 187|0x000000008bb00000, 0x000000008bb00000, 0x000000008bc00000|  0%| F|  |TAMS 0x000000008bb00000, 0x000000008bb00000| Untracked 
| 188|0x000000008bc00000, 0x000000008bc00000, 0x000000008bd00000|  0%| F|  |TAMS 0x000000008bc00000, 0x000000008bc00000| Untracked 
| 189|0x000000008bd00000, 0x000000008bd00000, 0x000000008be00000|  0%| F|  |TAMS 0x000000008bd00000, 0x000000008bd00000| Untracked 
| 190|0x000000008be00000, 0x000000008be00000, 0x000000008bf00000|  0%| F|  |TAMS 0x000000008be00000, 0x000000008be00000| Untracked 
| 191|0x000000008bf00000, 0x000000008bf00000, 0x000000008c000000|  0%| F|  |TAMS 0x000000008bf00000, 0x000000008bf00000| Untracked 
| 192|0x000000008c000000, 0x000000008c000000, 0x000000008c100000|  0%| F|  |TAMS 0x000000008c000000, 0x000000008c000000| Untracked 
| 193|0x000000008c100000, 0x000000008c100000, 0x000000008c200000|  0%| F|  |TAMS 0x000000008c100000, 0x000000008c100000| Untracked 
| 194|0x000000008c200000, 0x000000008c200000, 0x000000008c300000|  0%| F|  |TAMS 0x000000008c200000, 0x000000008c200000| Untracked 
| 195|0x000000008c300000, 0x000000008c300000, 0x000000008c400000|  0%| F|  |TAMS 0x000000008c300000, 0x000000008c300000| Untracked 
| 196|0x000000008c400000, 0x000000008c400000, 0x000000008c500000|  0%| F|  |TAMS 0x000000008c400000, 0x000000008c400000| Untracked 
| 197|0x000000008c500000, 0x000000008c500000, 0x000000008c600000|  0%| F|  |TAMS 0x000000008c500000, 0x000000008c500000| Untracked 
| 198|0x000000008c600000, 0x000000008c600000, 0x000000008c700000|  0%| F|  |TAMS 0x000000008c600000, 0x000000008c600000| Untracked 
| 199|0x000000008c700000, 0x000000008c780800, 0x000000008c800000| 50%| E|  |TAMS 0x000000008c700000, 0x000000008c700000| Complete 
| 200|0x000000008c800000, 0x000000008c900000, 0x000000008c900000|100%| E|CS|TAMS 0x000000008c800000, 0x000000008c800000| Complete 
| 201|0x000000008c900000, 0x000000008ca00000, 0x000000008ca00000|100%| E|CS|TAMS 0x000000008c900000, 0x000000008c900000| Complete 
| 202|0x000000008ca00000, 0x000000008cb00000, 0x000000008cb00000|100%| E|CS|TAMS 0x000000008ca00000, 0x000000008ca00000| Complete 
| 203|0x000000008cb00000, 0x000000008cc00000, 0x000000008cc00000|100%| E|CS|TAMS 0x000000008cb00000, 0x000000008cb00000| Complete 
| 204|0x000000008cc00000, 0x000000008cd00000, 0x000000008cd00000|100%| E|CS|TAMS 0x000000008cc00000, 0x000000008cc00000| Complete 
| 205|0x000000008cd00000, 0x000000008ce00000, 0x000000008ce00000|100%| E|CS|TAMS 0x000000008cd00000, 0x000000008cd00000| Complete 
| 206|0x000000008ce00000, 0x000000008cf00000, 0x000000008cf00000|100%| E|CS|TAMS 0x000000008ce00000, 0x000000008ce00000| Complete 
| 207|0x000000008cf00000, 0x000000008d000000, 0x000000008d000000|100%| E|CS|TAMS 0x000000008cf00000, 0x000000008cf00000| Complete 
| 208|0x000000008d000000, 0x000000008d100000, 0x000000008d100000|100%| E|CS|TAMS 0x000000008d000000, 0x000000008d000000| Complete 
| 209|0x000000008d100000, 0x000000008d200000, 0x000000008d200000|100%| E|CS|TAMS 0x000000008d100000, 0x000000008d100000| Complete 
| 210|0x000000008d200000, 0x000000008d300000, 0x000000008d300000|100%| E|CS|TAMS 0x000000008d200000, 0x000000008d200000| Complete 
| 211|0x000000008d300000, 0x000000008d400000, 0x000000008d400000|100%| E|CS|TAMS 0x000000008d300000, 0x000000008d300000| Complete 
| 212|0x000000008d400000, 0x000000008d500000, 0x000000008d500000|100%| E|CS|TAMS 0x000000008d400000, 0x000000008d400000| Complete 
| 213|0x000000008d500000, 0x000000008d600000, 0x000000008d600000|100%| E|CS|TAMS 0x000000008d500000, 0x000000008d500000| Complete 
| 214|0x000000008d600000, 0x000000008d700000, 0x000000008d700000|100%| E|CS|TAMS 0x000000008d600000, 0x000000008d600000| Complete 
| 215|0x000000008d700000, 0x000000008d800000, 0x000000008d800000|100%| E|CS|TAMS 0x000000008d700000, 0x000000008d700000| Complete 
| 216|0x000000008d800000, 0x000000008d900000, 0x000000008d900000|100%| E|CS|TAMS 0x000000008d800000, 0x000000008d800000| Complete 
| 217|0x000000008d900000, 0x000000008da00000, 0x000000008da00000|100%| E|CS|TAMS 0x000000008d900000, 0x000000008d900000| Complete 
| 218|0x000000008da00000, 0x000000008db00000, 0x000000008db00000|100%| E|CS|TAMS 0x000000008da00000, 0x000000008da00000| Complete 
| 219|0x000000008db00000, 0x000000008dc00000, 0x000000008dc00000|100%| E|CS|TAMS 0x000000008db00000, 0x000000008db00000| Complete 
| 220|0x000000008dc00000, 0x000000008dd00000, 0x000000008dd00000|100%| E|CS|TAMS 0x000000008dc00000, 0x000000008dc00000| Complete 
| 221|0x000000008dd00000, 0x000000008de00000, 0x000000008de00000|100%| E|CS|TAMS 0x000000008dd00000, 0x000000008dd00000| Complete 
| 222|0x000000008de00000, 0x000000008df00000, 0x000000008df00000|100%| E|CS|TAMS 0x000000008de00000, 0x000000008de00000| Complete 
| 223|0x000000008df00000, 0x000000008e000000, 0x000000008e000000|100%| E|CS|TAMS 0x000000008df00000, 0x000000008df00000| Complete 
| 224|0x000000008e000000, 0x000000008e100000, 0x000000008e100000|100%| E|CS|TAMS 0x000000008e000000, 0x000000008e000000| Complete 
| 225|0x000000008e100000, 0x000000008e200000, 0x000000008e200000|100%| E|CS|TAMS 0x000000008e100000, 0x000000008e100000| Complete 
| 226|0x000000008e200000, 0x000000008e300000, 0x000000008e300000|100%| E|CS|TAMS 0x000000008e200000, 0x000000008e200000| Complete 
| 227|0x000000008e300000, 0x000000008e400000, 0x000000008e400000|100%| E|CS|TAMS 0x000000008e300000, 0x000000008e300000| Complete 
| 228|0x000000008e400000, 0x000000008e500000, 0x000000008e500000|100%| E|CS|TAMS 0x000000008e400000, 0x000000008e400000| Complete 
| 229|0x000000008e500000, 0x000000008e600000, 0x000000008e600000|100%| E|CS|TAMS 0x000000008e500000, 0x000000008e500000| Complete 
| 230|0x000000008e600000, 0x000000008e700000, 0x000000008e700000|100%| E|CS|TAMS 0x000000008e600000, 0x000000008e600000| Complete 
| 231|0x000000008e700000, 0x000000008e800000, 0x000000008e800000|100%| E|CS|TAMS 0x000000008e700000, 0x000000008e700000| Complete 
| 232|0x000000008e800000, 0x000000008e900000, 0x000000008e900000|100%| E|CS|TAMS 0x000000008e800000, 0x000000008e800000| Complete 
| 233|0x000000008e900000, 0x000000008ea00000, 0x000000008ea00000|100%| E|CS|TAMS 0x000000008e900000, 0x000000008e900000| Complete 
| 234|0x000000008ea00000, 0x000000008eb00000, 0x000000008eb00000|100%| E|CS|TAMS 0x000000008ea00000, 0x000000008ea00000| Complete 
| 235|0x000000008eb00000, 0x000000008ec00000, 0x000000008ec00000|100%| E|CS|TAMS 0x000000008eb00000, 0x000000008eb00000| Complete 
| 236|0x000000008ec00000, 0x000000008ed00000, 0x000000008ed00000|100%| E|CS|TAMS 0x000000008ec00000, 0x000000008ec00000| Complete 
| 237|0x000000008ed00000, 0x000000008ee00000, 0x000000008ee00000|100%| E|CS|TAMS 0x000000008ed00000, 0x000000008ed00000| Complete 
| 238|0x000000008ee00000, 0x000000008ef00000, 0x000000008ef00000|100%| E|CS|TAMS 0x000000008ee00000, 0x000000008ee00000| Complete 
| 239|0x000000008ef00000, 0x000000008f000000, 0x000000008f000000|100%| E|CS|TAMS 0x000000008ef00000, 0x000000008ef00000| Complete 
| 240|0x000000008f000000, 0x000000008f100000, 0x000000008f100000|100%| E|CS|TAMS 0x000000008f000000, 0x000000008f000000| Complete 
| 241|0x000000008f100000, 0x000000008f200000, 0x000000008f200000|100%| E|CS|TAMS 0x000000008f100000, 0x000000008f100000| Complete 
| 242|0x000000008f200000, 0x000000008f300000, 0x000000008f300000|100%| E|CS|TAMS 0x000000008f200000, 0x000000008f200000| Complete 
| 243|0x000000008f300000, 0x000000008f400000, 0x000000008f400000|100%| E|CS|TAMS 0x000000008f300000, 0x000000008f300000| Complete 
| 244|0x000000008f400000, 0x000000008f500000, 0x000000008f500000|100%| E|CS|TAMS 0x000000008f400000, 0x000000008f400000| Complete 
| 245|0x000000008f500000, 0x000000008f600000, 0x000000008f600000|100%| E|CS|TAMS 0x000000008f500000, 0x000000008f500000| Complete 
| 246|0x000000008f600000, 0x000000008f700000, 0x000000008f700000|100%| E|CS|TAMS 0x000000008f600000, 0x000000008f600000| Complete 
| 247|0x000000008f700000, 0x000000008f800000, 0x000000008f800000|100%| E|CS|TAMS 0x000000008f700000, 0x000000008f700000| Complete 
| 248|0x000000008f800000, 0x000000008f900000, 0x000000008f900000|100%| E|CS|TAMS 0x000000008f800000, 0x000000008f800000| Complete 
| 249|0x000000008f900000, 0x000000008fa00000, 0x000000008fa00000|100%| E|CS|TAMS 0x000000008f900000, 0x000000008f900000| Complete 
| 250|0x000000008fa00000, 0x000000008fb00000, 0x000000008fb00000|100%| E|CS|TAMS 0x000000008fa00000, 0x000000008fa00000| Complete 
| 251|0x000000008fb00000, 0x000000008fc00000, 0x000000008fc00000|100%| E|CS|TAMS 0x000000008fb00000, 0x000000008fb00000| Complete 
| 252|0x000000008fc00000, 0x000000008fd00000, 0x000000008fd00000|100%| E|CS|TAMS 0x000000008fc00000, 0x000000008fc00000| Complete 
| 253|0x000000008fd00000, 0x000000008fe00000, 0x000000008fe00000|100%| E|CS|TAMS 0x000000008fd00000, 0x000000008fd00000| Complete 
| 254|0x000000008fe00000, 0x000000008ff00000, 0x000000008ff00000|100%| E|CS|TAMS 0x000000008fe00000, 0x000000008fe00000| Complete 
| 255|0x000000008ff00000, 0x0000000090000000, 0x0000000090000000|100%| E|CS|TAMS 0x000000008ff00000, 0x000000008ff00000| Complete 
| 256|0x0000000090000000, 0x0000000090100000, 0x0000000090100000|100%| E|CS|TAMS 0x0000000090000000, 0x0000000090000000| Complete 
| 257|0x0000000090100000, 0x0000000090200000, 0x0000000090200000|100%| E|CS|TAMS 0x0000000090100000, 0x0000000090100000| Complete 
| 258|0x0000000090200000, 0x0000000090300000, 0x0000000090300000|100%| E|CS|TAMS 0x0000000090200000, 0x0000000090200000| Complete 
| 259|0x0000000090300000, 0x0000000090400000, 0x0000000090400000|100%| E|CS|TAMS 0x0000000090300000, 0x0000000090300000| Complete 
| 260|0x0000000090400000, 0x0000000090500000, 0x0000000090500000|100%| E|CS|TAMS 0x0000000090400000, 0x0000000090400000| Complete 
| 261|0x0000000090500000, 0x0000000090600000, 0x0000000090600000|100%| E|CS|TAMS 0x0000000090500000, 0x0000000090500000| Complete 
| 262|0x0000000090600000, 0x0000000090700000, 0x0000000090700000|100%| E|CS|TAMS 0x0000000090600000, 0x0000000090600000| Complete 
| 263|0x0000000090700000, 0x0000000090800000, 0x0000000090800000|100%| E|CS|TAMS 0x0000000090700000, 0x0000000090700000| Complete 
| 264|0x0000000090800000, 0x0000000090900000, 0x0000000090900000|100%| E|CS|TAMS 0x0000000090800000, 0x0000000090800000| Complete 
| 265|0x0000000090900000, 0x0000000090a00000, 0x0000000090a00000|100%| E|CS|TAMS 0x0000000090900000, 0x0000000090900000| Complete 
| 266|0x0000000090a00000, 0x0000000090b00000, 0x0000000090b00000|100%| E|CS|TAMS 0x0000000090a00000, 0x0000000090a00000| Complete 
| 267|0x0000000090b00000, 0x0000000090c00000, 0x0000000090c00000|100%| E|CS|TAMS 0x0000000090b00000, 0x0000000090b00000| Complete 
| 268|0x0000000090c00000, 0x0000000090d00000, 0x0000000090d00000|100%| E|CS|TAMS 0x0000000090c00000, 0x0000000090c00000| Complete 
| 269|0x0000000090d00000, 0x0000000090e00000, 0x0000000090e00000|100%| E|CS|TAMS 0x0000000090d00000, 0x0000000090d00000| Complete 
| 270|0x0000000090e00000, 0x0000000090f00000, 0x0000000090f00000|100%| E|CS|TAMS 0x0000000090e00000, 0x0000000090e00000| Complete 
| 271|0x0000000090f00000, 0x0000000091000000, 0x0000000091000000|100%| E|CS|TAMS 0x0000000090f00000, 0x0000000090f00000| Complete 
| 272|0x0000000091000000, 0x0000000091100000, 0x0000000091100000|100%| E|CS|TAMS 0x0000000091000000, 0x0000000091000000| Complete 
| 273|0x0000000091100000, 0x0000000091200000, 0x0000000091200000|100%| E|CS|TAMS 0x0000000091100000, 0x0000000091100000| Complete 

Card table byte_map: [0x0000025dd8fc0000,0x0000025dd93c0000] _byte_map_base: 0x0000025dd8bc0000

Marking Bits (Prev, Next): (CMBitMap*) 0x0000025dc42ce028, (CMBitMap*) 0x0000025dc42ce060
 Prev Bits: [0x0000025dd97c0000, 0x0000025ddb7c0000)
 Next Bits: [0x0000025ddb7c0000, 0x0000025ddd7c0000)

Polling page: 0x0000025dc4100000

Metaspace:

Usage:
  Non-class:    116.78 MB capacity,   114.48 MB ( 98%) used,     1.89 MB (  2%) free+waste,   427.44 KB ( <1%) overhead. 
      Class:     17.64 MB capacity,    16.33 MB ( 93%) used,     1.13 MB (  6%) free+waste,   189.19 KB (  1%) overhead. 
       Both:    134.42 MB capacity,   130.80 MB ( 97%) used,     3.02 MB (  2%) free+waste,   616.63 KB ( <1%) overhead. 

Virtual space:
  Non-class space:      118.00 MB reserved,     117.00 MB (>99%) committed 
      Class space:        1.00 GB reserved,      17.75 MB (  2%) committed 
             Both:        1.12 GB reserved,     134.75 MB ( 12%) committed 

Chunk freelists:
   Non-Class:  29.00 KB
       Class:  19.00 KB
        Both:  48.00 KB

MaxMetaspaceSize: 17179869184.00 GB
CompressedClassSpaceSize: 1.00 GB

CodeHeap 'non-profiled nmethods': size=120064Kb used=13314Kb max_used=13664Kb free=106749Kb
 bounds [0x0000025dd1050000, 0x0000025dd1dc0000, 0x0000025dd8590000]
CodeHeap 'profiled nmethods': size=120000Kb used=46344Kb max_used=47828Kb free=73655Kb
 bounds [0x0000025dc9b20000, 0x0000025dcca10000, 0x0000025dd1050000]
CodeHeap 'non-nmethods': size=5696Kb used=2379Kb max_used=2451Kb free=3316Kb
 bounds [0x0000025dc9590000, 0x0000025dc9800000, 0x0000025dc9b20000]
 total_blobs=21234 nmethods=20225 adapters=919
 compilation: enabled
              stopped_count=0, restarted_count=0
 full_count=0

Compilation events (20 events):
Event: 2300.362 Thread 0x0000025de0656800 22668       1       com.android.tools.r8.dex.b$b::a (2 bytes)
Event: 2300.362 Thread 0x0000025de0656800 nmethod 22668 0x0000025dd1194910 code [0x0000025dd1194ac0, 0x0000025dd1194b78]
Event: 2300.362 Thread 0x0000025de0656800 22663       1       com.android.tools.r8.graph.E::M (2 bytes)
Event: 2300.362 Thread 0x0000025de0656800 nmethod 22663 0x0000025dd1194610 code [0x0000025dd11947c0, 0x0000025dd1194878]
Event: 2300.362 Thread 0x0000025de0656800 22647   !   2       com.android.tools.r8.internal.e6::a (637 bytes)
Event: 2300.369 Thread 0x0000025de0656800 nmethod 22647 0x0000025dca899d90 code [0x0000025dca89a400, 0x0000025dca89c6a8]
Event: 2300.369 Thread 0x0000025de0656800 22674       2       java.util.ArrayDeque::remove (5 bytes)
Event: 2300.369 Thread 0x0000025de0656800 nmethod 22674 0x0000025dca14cf10 code [0x0000025dca14d0c0, 0x0000025dca14d1e8]
Event: 2300.369 Thread 0x0000025de0656800 22656       2       com.android.tools.r8.internal.F7::k (551 bytes)
Event: 2300.377 Thread 0x0000025de0656800 nmethod 22656 0x0000025dca904290 code [0x0000025dca904800, 0x0000025dca906938]
Event: 2300.377 Thread 0x0000025de0656800 22645       2       com.android.tools.r8.ir.conversion.p$b::<init> (15 bytes)
Event: 2300.377 Thread 0x0000025de0656800 nmethod 22645 0x0000025dca14f590 code [0x0000025dca14f740, 0x0000025dca14f898]
Event: 2300.377 Thread 0x0000025de0656800 22646       2       com.android.tools.r8.graph.e::a (74 bytes)
Event: 2300.379 Thread 0x0000025de0656800 nmethod 22646 0x0000025dca187090 code [0x0000025dca187280, 0x0000025dca187518]
Event: 2300.379 Thread 0x0000025de0656800 22655       2       com.android.tools.r8.ir.conversion.k$$Lambda$1673/0x00000001010bc840::get$Lambda (9 bytes)
Event: 2300.379 Thread 0x0000025de0656800 nmethod 22655 0x0000025dca153090 code [0x0000025dca153240, 0x0000025dca1533b8]
Event: 2300.379 Thread 0x0000025de0656800 22662       2       com.android.tools.r8.graph.j0$f::b (9 bytes)
Event: 2300.380 Thread 0x0000025de0656800 nmethod 22662 0x0000025dca15bd10 code [0x0000025dca15bec0, 0x0000025dca15bfe8]
Event: 2300.380 Thread 0x0000025de0656800 22661       1       com.android.tools.r8.graph.O::b0 (5 bytes)
Event: 2300.380 Thread 0x0000025de0656800 nmethod 22661 0x0000025dd1194310 code [0x0000025dd11944c0, 0x0000025dd1194578]

GC Heap History (20 events):
Event: 2276.511 GC heap before
{Heap before GC invocations=30 (full 0):
 garbage-first heap   total 280576K, used 160857K [0x0000000080000000, 0x0000000100000000)
  region size 1024K, 13 young (13312K), 7 survivors (7168K)
 Metaspace       used 116920K, capacity 120089K, committed 120960K, reserved 1155072K
  class space    used 14579K, capacity 15703K, committed 16000K, reserved 1048576K
}
Event: 2276.525 GC heap after
{Heap after GC invocations=31 (full 0):
 garbage-first heap   total 280576K, used 152906K [0x0000000080000000, 0x0000000100000000)
  region size 1024K, 2 young (2048K), 2 survivors (2048K)
 Metaspace       used 116920K, capacity 120089K, committed 120960K, reserved 1155072K
  class space    used 14579K, capacity 15703K, committed 16000K, reserved 1048576K
}
Event: 2279.050 GC heap before
{Heap before GC invocations=31 (full 0):
 garbage-first heap   total 280576K, used 214346K [0x0000000080000000, 0x0000000100000000)
  region size 1024K, 63 young (64512K), 2 survivors (2048K)
 Metaspace       used 117901K, capacity 121007K, committed 121984K, reserved 1155072K
  class space    used 14636K, capacity 15742K, committed 16000K, reserved 1048576K
}
Event: 2279.058 GC heap after
{Heap after GC invocations=32 (full 0):
 garbage-first heap   total 280576K, used 153671K [0x0000000080000000, 0x0000000100000000)
  region size 1024K, 3 young (3072K), 3 survivors (3072K)
 Metaspace       used 117901K, capacity 121007K, committed 121984K, reserved 1155072K
  class space    used 14636K, capacity 15742K, committed 16000K, reserved 1048576K
}
Event: 2283.225 GC heap before
{Heap before GC invocations=33 (full 0):
 garbage-first heap   total 280576K, used 195655K [0x0000000080000000, 0x0000000100000000)
  region size 1024K, 68 young (69632K), 3 survivors (3072K)
 Metaspace       used 119522K, capacity 122634K, committed 123392K, reserved 1157120K
  class space    used 14809K, capacity 15939K, committed 16128K, reserved 1048576K
}
Event: 2283.242 GC heap after
{Heap after GC invocations=34 (full 0):
 garbage-first heap   total 280576K, used 131670K [0x0000000080000000, 0x0000000100000000)
  region size 1024K, 4 young (4096K), 4 survivors (4096K)
 Metaspace       used 119522K, capacity 122634K, committed 123392K, reserved 1157120K
  class space    used 14809K, capacity 15939K, committed 16128K, reserved 1048576K
}
Event: 2284.758 GC heap before
{Heap before GC invocations=34 (full 0):
 garbage-first heap   total 280576K, used 140886K [0x0000000080000000, 0x0000000100000000)
  region size 1024K, 13 young (13312K), 4 survivors (4096K)
 Metaspace       used 119624K, capacity 122806K, committed 123520K, reserved 1157120K
  class space    used 14819K, capacity 15973K, committed 16256K, reserved 1048576K
}
Event: 2285.077 GC heap after
{Heap after GC invocations=35 (full 0):
 garbage-first heap   total 280576K, used 119069K [0x0000000080000000, 0x0000000100000000)
  region size 1024K, 2 young (2048K), 2 survivors (2048K)
 Metaspace       used 119624K, capacity 122806K, committed 123520K, reserved 1157120K
  class space    used 14819K, capacity 15973K, committed 16256K, reserved 1048576K
}
Event: 2289.678 GC heap before
{Heap before GC invocations=35 (full 0):
 garbage-first heap   total 280576K, used 170269K [0x0000000080000000, 0x0000000100000000)
  region size 1024K, 53 young (54272K), 2 survivors (2048K)
 Metaspace       used 120142K, capacity 123363K, committed 124032K, reserved 1157120K
  class space    used 14860K, capacity 16019K, committed 16256K, reserved 1048576K
}
Event: 2289.694 GC heap after
{Heap after GC invocations=36 (full 0):
 garbage-first heap   total 280576K, used 123094K [0x0000000080000000, 0x0000000100000000)
  region size 1024K, 6 young (6144K), 6 survivors (6144K)
 Metaspace       used 120142K, capacity 123363K, committed 124032K, reserved 1157120K
  class space    used 14860K, capacity 16019K, committed 16256K, reserved 1048576K
}
Event: 2291.940 GC heap before
{Heap before GC invocations=36 (full 0):
 garbage-first heap   total 280576K, used 176342K [0x0000000080000000, 0x0000000100000000)
  region size 1024K, 59 young (60416K), 6 survivors (6144K)
 Metaspace       used 123543K, capacity 126820K, committed 127232K, reserved 1159168K
  class space    used 15349K, capacity 16534K, committed 16640K, reserved 1048576K
}
Event: 2291.963 GC heap after
{Heap after GC invocations=37 (full 0):
 garbage-first heap   total 280576K, used 127712K [0x0000000080000000, 0x0000000100000000)
  region size 1024K, 5 young (5120K), 5 survivors (5120K)
 Metaspace       used 123543K, capacity 126820K, committed 127232K, reserved 1159168K
  class space    used 15349K, capacity 16534K, committed 16640K, reserved 1048576K
}
Event: 2293.790 GC heap before
{Heap before GC invocations=37 (full 0):
 garbage-first heap   total 280576K, used 183008K [0x0000000080000000, 0x0000000100000000)
  region size 1024K, 60 young (61440K), 5 survivors (5120K)
 Metaspace       used 126914K, capacity 130282K, committed 130432K, reserved 1163264K
  class space    used 15779K, capacity 16963K, committed 17024K, reserved 1048576K
}
Event: 2293.814 GC heap after
{Heap after GC invocations=38 (full 0):
 garbage-first heap   total 280576K, used 129983K [0x0000000080000000, 0x0000000100000000)
  region size 1024K, 7 young (7168K), 7 survivors (7168K)
 Metaspace       used 126914K, capacity 130282K, committed 130432K, reserved 1163264K
  class space    used 15779K, capacity 16963K, committed 17024K, reserved 1048576K
}
Event: 2297.908 GC heap before
{Heap before GC invocations=39 (full 0):
 garbage-first heap   total 280576K, used 208831K [0x0000000080000000, 0x0000000100000000)
  region size 1024K, 84 young (86016K), 7 survivors (7168K)
 Metaspace       used 132689K, capacity 136316K, committed 136576K, reserved 1167360K
  class space    used 16624K, capacity 17955K, committed 18048K, reserved 1048576K
}
Event: 2297.934 GC heap after
{Heap after GC invocations=40 (full 0):
 garbage-first heap   total 280576K, used 133690K [0x0000000080000000, 0x0000000100000000)
  region size 1024K, 9 young (9216K), 9 survivors (9216K)
 Metaspace       used 132689K, capacity 136316K, committed 136576K, reserved 1167360K
  class space    used 16624K, capacity 17955K, committed 18048K, reserved 1048576K
}
Event: 2298.040 GC heap before
{Heap before GC invocations=40 (full 0):
 garbage-first heap   total 280576K, used 137786K [0x0000000080000000, 0x0000000100000000)
  region size 1024K, 13 young (13312K), 9 survivors (9216K)
 Metaspace       used 132763K, capacity 136395K, committed 136576K, reserved 1167360K
  class space    used 16628K, capacity 17960K, committed 18048K, reserved 1048576K
}
Event: 2298.074 GC heap after
{Heap after GC invocations=41 (full 0):
 garbage-first heap   total 280576K, used 128185K [0x0000000080000000, 0x0000000100000000)
  region size 1024K, 2 young (2048K), 2 survivors (2048K)
 Metaspace       used 132763K, capacity 136395K, committed 136576K, reserved 1167360K
  class space    used 16628K, capacity 17960K, committed 18048K, reserved 1048576K
}
Event: 2300.009 GC heap before
{Heap before GC invocations=41 (full 0):
 garbage-first heap   total 280576K, used 218297K [0x0000000080000000, 0x0000000100000000)
  region size 1024K, 90 young (92160K), 2 survivors (2048K)
 Metaspace       used 133631K, capacity 137368K, committed 137728K, reserved 1169408K
  class space    used 16715K, capacity 18057K, committed 18176K, reserved 1048576K
}
Event: 2300.023 GC heap after
{Heap after GC invocations=42 (full 0):
 garbage-first heap   total 280576K, used 128313K [0x0000000080000000, 0x0000000100000000)
  region size 1024K, 2 young (2048K), 2 survivors (2048K)
 Metaspace       used 133631K, capacity 137368K, committed 137728K, reserved 1169408K
  class space    used 16715K, capacity 18057K, committed 18176K, reserved 1048576K
}

Deoptimization events (20 events):
Event: 2299.954 Thread 0x0000025de395d000 DEOPT PACKING pc=0x0000025dd1cf0170 sp=0x00000067666f68d0
Event: 2299.954 Thread 0x0000025de395d000 DEOPT UNPACKING pc=0x0000025dc95b78af sp=0x00000067666f6808 mode 2
Event: 2299.956 Thread 0x0000025de395d000 Uncommon trap: trap_request=0xffffffde fr.pc=0x0000025dd1cefdcc relative=0x000000000000008c
Event: 2299.956 Thread 0x0000025de395d000 Uncommon trap: reason=class_check action=maybe_recompile pc=0x0000025dd1cefdcc method=com.android.tools.r8.internal.XG.a(Lcom/android/tools/r8/internal/dG;)Lcom/android/tools/r8/internal/XG; @ 34 c2
Event: 2299.956 Thread 0x0000025de395d000 DEOPT PACKING pc=0x0000025dd1cefdcc sp=0x00000067666f6520
Event: 2299.956 Thread 0x0000025de395d000 DEOPT UNPACKING pc=0x0000025dc95b78af sp=0x00000067666f64c0 mode 2
Event: 2299.988 Thread 0x0000025de395d000 Uncommon trap: trap_request=0xffffff76 fr.pc=0x0000025dd113e568 relative=0x0000000000001da8
Event: 2299.988 Thread 0x0000025de395d000 Uncommon trap: reason=loop_limit_check action=maybe_recompile pc=0x0000025dd113e568 method=com.android.tools.r8.internal.x.putAll(Ljava/util/Map;)V @ 31 c2
Event: 2299.988 Thread 0x0000025de395d000 DEOPT PACKING pc=0x0000025dd113e568 sp=0x00000067666f6740
Event: 2299.988 Thread 0x0000025de395d000 DEOPT UNPACKING pc=0x0000025dc95b78af sp=0x00000067666f6768 mode 2
Event: 2300.264 Thread 0x0000025de395d000 DEOPT PACKING pc=0x0000025dcc8c2fb1 sp=0x00000067666f64e0
Event: 2300.264 Thread 0x0000025de395d000 DEOPT UNPACKING pc=0x0000025dc95b76ce sp=0x00000067666f5a68 mode 0
Event: 2300.313 Thread 0x0000025de42f5800 Uncommon trap: trap_request=0xffffff4d fr.pc=0x0000025dd1d91ff8 relative=0x0000000000005598
Event: 2300.313 Thread 0x0000025de42f5800 Uncommon trap: reason=unstable_if action=reinterpret pc=0x0000025dd1d91ff8 method=com.android.tools.r8.internal.X4.a(Lcom/android/tools/r8/internal/Me;IZ)V @ 607 c2
Event: 2300.313 Thread 0x0000025de42f5800 DEOPT PACKING pc=0x0000025dd1d91ff8 sp=0x0000006765ff9990
Event: 2300.313 Thread 0x0000025de42f5800 DEOPT UNPACKING pc=0x0000025dc95b78af sp=0x0000006765ff9990 mode 2
Event: 2300.315 Thread 0x0000025de42f5800 Uncommon trap: trap_request=0xffffff4d fr.pc=0x0000025dd1cf3648 relative=0x0000000000000248
Event: 2300.315 Thread 0x0000025de42f5800 Uncommon trap: reason=unstable_if action=reinterpret pc=0x0000025dd1cf3648 method=com.android.tools.r8.ir.regalloc.a.a(Lcom/android/tools/r8/internal/Gg;Lcom/android/tools/r8/ir/regalloc/a$b;)Z @ 75 c2
Event: 2300.315 Thread 0x0000025de42f5800 DEOPT PACKING pc=0x0000025dd1cf3648 sp=0x0000006765ff9770
Event: 2300.315 Thread 0x0000025de42f5800 DEOPT UNPACKING pc=0x0000025dc95b78af sp=0x0000006765ff9708 mode 2

Classes redefined (0 events):
No events

Internal exceptions (20 events):
Event: 2295.040 Thread 0x0000025de395d000 Exception <a 'java/lang/NoSuchMethodError'{0x000000008fe13b90}: 'void java.lang.invoke.DirectMethodHandle$Holder.invokeVirtual(java.lang.Object, java.lang.Object, int, java.lang.Object)'> (0x000000008fe13b90) thrown at [./src/hotspot/share/interpreter/linkResolver.cpp, line 773]
Event: 2295.284 Thread 0x0000025de395d000 Exception <a 'java/lang/NoSuchMethodError'{0x000000008fbbcfb8}: 'int java.lang.invoke.DirectMethodHandle$Holder.invokeSpecial(java.lang.Object, java.lang.Object, java.lang.Object, int, java.lang.Object)'> (0x000000008fbbcfb8) thrown at [./src/hotspot/share/interpreter/linkResolver.cpp, line 773]
Event: 2295.302 Thread 0x0000025de42f5800 Exception <a 'java/lang/NoSuchMethodError'{0x000000008fa5c560}: 'java.lang.Object java.lang.invoke.DirectMethodHandle$Holder.newInvokeSpecial(java.lang.Object, int)'> (0x000000008fa5c560) thrown at [./src/hotspot/share/interpreter/linkResolver.cpp, line 773]
Event: 2295.365 Thread 0x0000025de42f6800 Exception <a 'java/lang/NoSuchMethodError'{0x000000008ff54ac0}: 'void java.lang.invoke.DirectMethodHandle$Holder.invokeStatic(java.lang.Object, long)'> (0x000000008ff54ac0) thrown at [./src/hotspot/share/interpreter/linkResolver.cpp, line 773]
Event: 2295.367 Thread 0x0000025de42f6800 Exception <a 'java/lang/NoSuchMethodError'{0x000000008ff5f6a0}: 'java.lang.Object java.lang.invoke.DirectMethodHandle$Holder.invokeStaticInit(java.lang.Object, java.lang.Object, long, java.lang.Object)'> (0x000000008ff5f6a0) thrown at [./src/hotspot/share/interpreter/linkResolver.cpp, line 773]
Event: 2295.368 Thread 0x0000025de42f6800 Exception <a 'java/lang/NoSuchMethodError'{0x000000008ff658e0}: 'java.lang.Object java.lang.invoke.DirectMethodHandle$Holder.invokeStatic(java.lang.Object, java.lang.Object, long)'> (0x000000008ff658e0) thrown at [./src/hotspot/share/interpreter/linkResolver.cpp, line 773]
Event: 2295.368 Thread 0x0000025de42f6800 Exception <a 'java/lang/NoSuchMethodError'{0x000000008ff6be58}: 'java.lang.Object java.lang.invoke.Invokers$Holder.linkToTargetMethod(java.lang.Object, long, java.lang.Object)'> (0x000000008ff6be58) thrown at [./src/hotspot/share/interpreter/linkResolver.cpp, line 773]
Event: 2295.771 Thread 0x0000025de42f3800 Exception <a 'sun/nio/fs/WindowsException'{0x000000008f265f28}> (0x000000008f265f28) thrown at [./src/hotspot/share/prims/jni.cpp, line 615]
Event: 2295.806 Thread 0x0000025de42f5800 Exception <a 'java/lang/NoSuchMethodError'{0x000000008f2f2db8}: 'java.lang.Object java.lang.invoke.DirectMethodHandle$Holder.invokeInterface(java.lang.Object, java.lang.Object, int)'> (0x000000008f2f2db8) thrown at [./src/hotspot/share/interpreter/linkResolver.cpp, line 773]
Event: 2296.875 Thread 0x0000025de395d000 Exception <a 'java/lang/NoSuchMethodError'{0x000000008ccfd328}: 'void java.lang.invoke.DirectMethodHandle$Holder.invokeSpecial(java.lang.Object, java.lang.Object, int, java.lang.Object, java.lang.Object, java.lang.Object, java.lang.Object)'> (0x000000008ccfd328) thrown at [./src/hotspot/share/interpreter/linkResolver.cpp, line 773]
Event: 2296.876 Thread 0x0000025de395d000 Exception <a 'java/lang/NoSuchMethodError'{0x000000008cb09e88}: 'java.lang.Object java.lang.invoke.Invokers$Holder.linkToTargetMethod(java.lang.Object, int, java.lang.Object, java.lang.Object, java.lang.Object, java.lang.Object)'> (0x000000008cb09e88) thrown at [./src/hotspot/share/interpreter/linkResolver.cpp, line 773]
Event: 2296.877 Thread 0x0000025de395d000 Exception <a 'java/lang/NoSuchMethodError'{0x000000008cb0ed20}: 'void java.lang.invoke.DirectMethodHandle$Holder.invokeSpecial(java.lang.Object, java.lang.Object, java.lang.Object, java.lang.Object, java.lang.Object, java.lang.Object, java.lang.Object, java.lang.Object, java.lang.Object)'> (0x000000008cb0ed20) thrown at [./src/hotspot/share/interpreter/linkResolver.cpp, line 773]
Event: 2296.880 Thread 0x0000025de395d000 Exception <a 'java/lang/NoSuchMethodError'{0x000000008cb2cfa8}: 'void java.lang.invoke.DirectMethodHandle$Holder.invokeStatic(java.lang.Object, java.lang.Object, java.lang.Object, java.lang.Object, java.lang.Object, java.lang.Object, java.lang.Object, java.lang.Object)'> (0x000000008cb2cfa8) thrown at [./src/hotspot/share/interpreter/linkResolver.cpp, line 773]
Event: 2297.389 Thread 0x0000025de395d000 Exception <a 'java/lang/IncompatibleClassChangeError'{0x000000008c66f1d0}: Found class java.lang.Object, but interface was expected> (0x000000008c66f1d0) thrown at [./src/hotspot/share/interpreter/linkResolver.cpp, line 839]
Event: 2298.155 Thread 0x0000025de395d000 Exception <a 'java/lang/NoSuchMethodError'{0x0000000090e0c7f0}: 'void java.lang.invoke.DirectMethodHandle$Holder.invokeVirtual(java.lang.Object, java.lang.Object, int)'> (0x0000000090e0c7f0) thrown at [./src/hotspot/share/interpreter/linkResolver.cpp, line 773]
Event: 2298.528 Thread 0x0000025de395d000 Exception <a 'sun/nio/fs/WindowsException'{0x0000000090b13fc8}> (0x0000000090b13fc8) thrown at [./src/hotspot/share/prims/jni.cpp, line 615]
Event: 2298.534 Thread 0x0000025de395d000 Implicit null exception at 0x0000025dd148e646 to 0x0000025dd1491b9c
Event: 2298.959 Thread 0x0000025de42f3800 Exception <a 'sun/nio/fs/WindowsException'{0x000000008edb8460}> (0x000000008edb8460) thrown at [./src/hotspot/share/prims/jni.cpp, line 615]
Event: 2299.587 Thread 0x0000025de395d000 Exception <a 'sun/nio/fs/WindowsException'{0x000000008d43fca8}> (0x000000008d43fca8) thrown at [./src/hotspot/share/prims/jni.cpp, line 615]
Event: 2300.369 Thread 0x0000025de42f3800 Exception <a 'sun/nio/fs/WindowsException'{0x00000000902d8ac8}> (0x00000000902d8ac8) thrown at [./src/hotspot/share/prims/jni.cpp, line 615]

Events (20 events):
Event: 2299.931 loading class com/android/tools/r8/code/x3
Event: 2299.931 loading class com/android/tools/r8/code/x3 done
Event: 2299.962 loading class com/android/tools/r8/internal/ba
Event: 2299.962 loading class com/android/tools/r8/internal/ba done
Event: 2300.008 Executing VM operation: G1CollectForAllocation
Event: 2300.023 Executing VM operation: G1CollectForAllocation done
Event: 2300.154 loading class com/android/tools/r8/internal/GE
Event: 2300.154 loading class com/android/tools/r8/internal/GE done
Event: 2300.154 loading class com/android/tools/r8/internal/GE
Event: 2300.154 loading class com/android/tools/r8/internal/GE done
Event: 2300.154 loading class com/android/tools/r8/internal/FE
Event: 2300.154 loading class com/android/tools/r8/internal/FE done
Event: 2300.154 loading class com/android/tools/r8/code/F0
Event: 2300.154 loading class com/android/tools/r8/code/F0 done
Event: 2300.154 loading class com/android/tools/r8/code/F0
Event: 2300.154 loading class com/android/tools/r8/code/F0 done
Event: 2300.154 loading class com/android/tools/r8/code/F0
Event: 2300.154 loading class com/android/tools/r8/code/F0 done
Event: 2300.169 loading class com/android/tools/r8/internal/a5
Event: 2300.169 loading class com/android/tools/r8/internal/a5 done


Dynamic libraries:
0x00007ff633ff0000 - 0x00007ff633ffa000 	C:\Program Files\Android\Android Studio\jre\bin\java.exe
0x00007fff52420000 - 0x00007fff52627000 	C:\WINDOWS\SYSTEM32\ntdll.dll
0x00007fff51230000 - 0x00007fff512ed000 	C:\WINDOWS\System32\KERNEL32.DLL
0x00007fff4fe50000 - 0x00007fff501c4000 	C:\WINDOWS\System32\KERNELBASE.dll
0x00007fff4fd30000 - 0x00007fff4fe41000 	C:\WINDOWS\System32\ucrtbase.dll
0x00007ffedfc10000 - 0x00007ffedfc27000 	C:\Program Files\Android\Android Studio\jre\bin\VCRUNTIME140.dll
0x00007ffedfc30000 - 0x00007ffedfc49000 	C:\Program Files\Android\Android Studio\jre\bin\jli.dll
0x00007fff502d0000 - 0x00007fff5047c000 	C:\WINDOWS\System32\USER32.dll
0x00007fff3d240000 - 0x00007fff3d4e5000 	C:\WINDOWS\WinSxS\amd64_microsoft.windows.common-controls_6595b64144ccf1df_6.0.22000.120_none_9d947278b86cc467\COMCTL32.dll
0x00007fff50290000 - 0x00007fff502b6000 	C:\WINDOWS\System32\win32u.dll
0x00007fff506d0000 - 0x00007fff50773000 	C:\WINDOWS\System32\msvcrt.dll
0x00007fff52010000 - 0x00007fff52039000 	C:\WINDOWS\System32\GDI32.dll
0x00007fff4fb90000 - 0x00007fff4fca2000 	C:\WINDOWS\System32\gdi32full.dll
0x00007fff4fa80000 - 0x00007fff4fb1d000 	C:\WINDOWS\System32\msvcp_win.dll
0x00007fff51170000 - 0x00007fff511a1000 	C:\WINDOWS\System32\IMM32.DLL
0x00007ffedfb70000 - 0x00007ffedfc0d000 	C:\Program Files\Android\Android Studio\jre\bin\msvcp140.dll
0x00007ffeddbf0000 - 0x00007ffede6bf000 	C:\Program Files\Android\Android Studio\jre\bin\server\jvm.dll
0x00007fff51c10000 - 0x00007fff51cbe000 	C:\WINDOWS\System32\ADVAPI32.dll
0x00007fff51e50000 - 0x00007fff51eee000 	C:\WINDOWS\System32\sechost.dll
0x00007fff51d30000 - 0x00007fff51e50000 	C:\WINDOWS\System32\RPCRT4.dll
0x00007fff50c10000 - 0x00007fff50c18000 	C:\WINDOWS\System32\PSAPI.DLL
0x00007fff3a0e0000 - 0x00007fff3a0e9000 	C:\WINDOWS\SYSTEM32\WSOCK32.dll
0x00007fff511c0000 - 0x00007fff5122f000 	C:\WINDOWS\System32\WS2_32.dll
0x00007fff49c60000 - 0x00007fff49c6a000 	C:\WINDOWS\SYSTEM32\VERSION.dll
0x00007fff49fc0000 - 0x00007fff49ff3000 	C:\WINDOWS\SYSTEM32\WINMM.dll
0x00007fff4ea10000 - 0x00007fff4ea28000 	C:\WINDOWS\SYSTEM32\kernel.appcore.dll
0x00007fff1d2e0000 - 0x00007fff1d2f1000 	C:\Program Files\Android\Android Studio\jre\bin\verify.dll
0x00007fff4d5e0000 - 0x00007fff4d801000 	C:\WINDOWS\SYSTEM32\DBGHELP.DLL
0x00007fff46b90000 - 0x00007fff46bc1000 	C:\WINDOWS\SYSTEM32\dbgcore.DLL
0x00007fff4fcb0000 - 0x00007fff4fd2f000 	C:\WINDOWS\System32\bcryptPrimitives.dll
0x00007fff1d2b0000 - 0x00007fff1d2d9000 	C:\Program Files\Android\Android Studio\jre\bin\java.dll
0x00007fff457e0000 - 0x00007fff457eb000 	C:\Program Files\Android\Android Studio\jre\bin\jimage.dll
0x00007fff1d290000 - 0x00007fff1d2a8000 	C:\Program Files\Android\Android Studio\jre\bin\zip.dll
0x00007fff512f0000 - 0x00007fff51a9e000 	C:\WINDOWS\System32\SHELL32.dll
0x00007fff4da80000 - 0x00007fff4e2e7000 	C:\WINDOWS\SYSTEM32\windows.storage.dll
0x00007fff52040000 - 0x00007fff523b8000 	C:\WINDOWS\System32\combase.dll
0x00007fff4d910000 - 0x00007fff4da76000 	C:\WINDOWS\SYSTEM32\wintypes.dll
0x00007fff51080000 - 0x00007fff5116a000 	C:\WINDOWS\System32\SHCORE.dll
0x00007fff50c90000 - 0x00007fff50ced000 	C:\WINDOWS\System32\shlwapi.dll
0x00007fff4f840000 - 0x00007fff4f861000 	C:\WINDOWS\SYSTEM32\profapi.dll
0x00007fff1d270000 - 0x00007fff1d28a000 	C:\Program Files\Android\Android Studio\jre\bin\net.dll
0x00007fff49130000 - 0x00007fff4923c000 	C:\WINDOWS\SYSTEM32\WINHTTP.dll
0x00007fff4ee40000 - 0x00007fff4eea7000 	C:\WINDOWS\system32\mswsock.dll
0x00007fff1d230000 - 0x00007fff1d244000 	C:\Program Files\Android\Android Studio\jre\bin\nio.dll
0x00007ffedff60000 - 0x00007ffedff87000 	C:\Users\Dell\.gradle\native\8bec1ad78214c89d9ad589b4d07fe93259594b29d510b10fafb7a158f7737e5d\windows-amd64\native-platform.dll
0x00007ffedfe20000 - 0x00007ffedff5d000 	C:\Users\Dell\.gradle\native\53dbd7edfb1c66fb8903c78663c9afc45aea4f116125fa6feffd364cf09443e8\windows-amd64\native-platform-file-events.dll
0x00007fff456e0000 - 0x00007fff456ea000 	C:\Program Files\Android\Android Studio\jre\bin\management.dll
0x00007fff40740000 - 0x00007fff4074c000 	C:\Program Files\Android\Android Studio\jre\bin\management_ext.dll
0x00007fff4f090000 - 0x00007fff4f0a8000 	C:\WINDOWS\SYSTEM32\CRYPTSP.dll
0x00007fff4e970000 - 0x00007fff4e9a5000 	C:\WINDOWS\system32\rsaenh.dll
0x00007fff4ef30000 - 0x00007fff4ef59000 	C:\WINDOWS\SYSTEM32\USERENV.dll
0x00007fff4f2a0000 - 0x00007fff4f2c7000 	C:\WINDOWS\SYSTEM32\bcrypt.dll
0x00007fff4f080000 - 0x00007fff4f08c000 	C:\WINDOWS\SYSTEM32\CRYPTBASE.dll
0x00007fff4e540000 - 0x00007fff4e56d000 	C:\WINDOWS\SYSTEM32\IPHLPAPI.DLL
0x00007fff511b0000 - 0x00007fff511b9000 	C:\WINDOWS\System32\NSI.dll
0x00007fff49580000 - 0x00007fff49599000 	C:\WINDOWS\SYSTEM32\dhcpcsvc6.DLL
0x00007fff49d30000 - 0x00007fff49d4e000 	C:\WINDOWS\SYSTEM32\dhcpcsvc.DLL
0x00007fff4e570000 - 0x00007fff4e657000 	C:\WINDOWS\SYSTEM32\DNSAPI.dll
0x00007fff1d190000 - 0x00007fff1d1b7000 	C:\Program Files\Android\Android Studio\jre\bin\sunec.dll
0x00007fff3f4d0000 - 0x00007fff3f4da000 	C:\Windows\System32\rasadhlp.dll
0x00007fff47080000 - 0x00007fff47101000 	C:\WINDOWS\System32\fwpuclnt.dll

dbghelp: loaded successfully - version: 4.0.5 - missing functions: none
symbol engine: initialized successfully - sym options: 0x614 - pdb path: .;C:\Program Files\Android\Android Studio\jre\bin;C:\WINDOWS\SYSTEM32;C:\WINDOWS\WinSxS\amd64_microsoft.windows.common-controls_6595b64144ccf1df_6.0.22000.120_none_9d947278b86cc467;C:\Program Files\Android\Android Studio\jre\bin\server;C:\Users\Dell\.gradle\native\8bec1ad78214c89d9ad589b4d07fe93259594b29d510b10fafb7a158f7737e5d\windows-amd64;C:\Users\Dell\.gradle\native\53dbd7edfb1c66fb8903c78663c9afc45aea4f116125fa6feffd364cf09443e8\windows-amd64

VM Arguments:
jvm_args: --add-opens=java.base/java.util=ALL-UNNAMED --add-opens=java.base/java.lang=ALL-UNNAMED --add-opens=java.base/java.lang.invoke=ALL-UNNAMED --add-opens=java.base/java.util=ALL-UNNAMED --add-opens=java.prefs/java.util.prefs=ALL-UNNAMED --add-opens=java.prefs/java.util.prefs=ALL-UNNAMED --add-opens=java.base/java.nio.charset=ALL-UNNAMED --add-opens=java.base/java.net=ALL-UNNAMED --add-opens=java.base/java.util.concurrent.atomic=ALL-UNNAMED -Xmx2048m -Dfile.encoding=UTF-8 -Duser.country=US -Duser.language=en -Duser.variant 
java_command: org.gradle.launcher.daemon.bootstrap.GradleDaemon 7.0.2
java_class_path (initial): C:\Users\Dell\.gradle\wrapper\dists\gradle-7.0.2-bin\857tjihv64xamwrf0h14cai3r\gradle-7.0.2\lib\gradle-launcher-7.0.2.jar
Launcher Type: SUN_STANDARD

[Global flags]
     intx CICompilerCount                          = 3                                         {product} {ergonomic}
     uint ConcGCThreads                            = 1                                         {product} {ergonomic}
     uint G1ConcRefinementThreads                  = 4                                         {product} {ergonomic}
   size_t G1HeapRegionSize                         = 1048576                                   {product} {ergonomic}
    uintx GCDrainStackTargetSize                   = 64                                        {product} {ergonomic}
   size_t InitialHeapSize                          = 199229440                                 {product} {ergonomic}
   size_t MarkStackSize                            = 4194304                                   {product} {ergonomic}
   size_t MaxHeapSize                              = 2147483648                                {product} {command line}
   size_t MaxNewSize                               = 1287651328                                {product} {ergonomic}
   size_t MinHeapDeltaBytes                        = 1048576                                   {product} {ergonomic}
    uintx NonNMethodCodeHeapSize                   = 5830732                                {pd product} {ergonomic}
    uintx NonProfiledCodeHeapSize                  = 122913754                              {pd product} {ergonomic}
    uintx ProfiledCodeHeapSize                     = 122913754                              {pd product} {ergonomic}
    uintx ReservedCodeCacheSize                    = 251658240                              {pd product} {ergonomic}
     bool SegmentedCodeCache                       = true                                      {product} {ergonomic}
     bool UseCompressedClassPointers               = true                                 {lp64_product} {ergonomic}
     bool UseCompressedOops                        = true                                 {lp64_product} {ergonomic}
     bool UseG1GC                                  = true                                      {product} {ergonomic}
     bool UseLargePagesIndividualAllocation        = false                                  {pd product} {ergonomic}

Logging:
Log output configuration:
 #0: stdout all=warning uptime,level,tags
 #1: stderr all=off uptime,level,tags

Environment Variables:
PATH=C:\Program Files\Common Files\Oracle\Java\javapath;C:\Program Files (x86)\Common Files\Oracle\Java\javapath;C:\WINDOWS\system32;C:\WINDOWS;C:\WINDOWS\System32\Wbem;C:\WINDOWS\System32\WindowsPowerShell\v1.0\;C:\WINDOWS\System32\OpenSSH\;C:\Program Files\dotnet\;C:\Program Files\Microsoft SQL Server\130\Tools\Binn\;C:\Program Files\Microsoft SQL Server\Client SDK\ODBC\170\Tools\Binn\;C:\Program Files\Git\cmd;C:\Program Files\Git\mingw64\bin;C:\Program Files\Git\usr\bin;C:\Users\Dell\AppData\Local\Microsoft\WindowsApps;C:\Users\Dell\AppData\Local\Programs\Microsoft VS Code\bin;C:\Users\Dell\.dotnet\tools;;C:\Program Files\JetBrains\IntelliJ IDEA Educational Edition 2021.3.1\bin;
USERNAME=Dell
OS=Windows_NT
PROCESSOR_IDENTIFIER=Intel64 Family 6 Model 142 Stepping 9, GenuineIntel



---------------  S Y S T E M  ---------------

OS: Windows 10 , 64 bit Build 22000 (10.0.22000.434)
OS uptime: 9 days 19:44 hours

CPU:total 4 (initial active 4) (2 cores per cpu, 2 threads per core) family 6 model 142 stepping 9 microcode 0xde, cmov, cx8, fxsr, mmx, sse, sse2, sse3, ssse3, sse4.1, sse4.2, popcnt, avx, avx2, aes, clmul, erms, 3dnowpref, lzcnt, ht, tsc, tscinvbit, bmi1, bmi2, adx, fma

Memory: 4k page, system-wide physical 12046M (146M free)
TotalPageFile size 27155M (AvailPageFile size 5562M)
current process WorkingSet (physical memory assigned to process): 501M, peak: 615M
current process commit charge ("private bytes"): 680M, peak: 686M

vm_info: OpenJDK 64-Bit Server VM (11.0.10+0-b96-7249189) for windows-amd64 JRE (11.0.10+0-b96-7249189), built on Mar 31 2021 21:44:00 by "builder" with MS VC++ 14.0 (VS2015)

END.
